Case #1:
GGG
CCC
JJJ
Case #2:
CODE
CODE
JJAM
Case #3:
CA
KE
Case #4:
A
Case #5:
AAAAAAAABBBBBBBBBBBBBBBBB
AAAAAAAABBBBBBBBBBBBBBBBB
AAAAAAAABBBBBBBBBBBBBBBBB
AAAAAAAABBBBBBBBBBBBBBBBB
AAAAAAAABBBBBBBBBBBBBBBBB
AAAAAAAABBBBBBBBBBBBBBBBB
AAAAAAAABBBBBBBBBBBBBBBBB
AAAAAAAABBBBBBBBBBBBBBBBB
AAAAAAAABBBBBBBBBBBBBBBBB
CCCCCCCCCCCCCCCCCCCCCCCCC
DDDDDDDDDDDDDDDDDDDDDDDDD
EEEEEEEEEEEEEEEEEEEEEEEEE
EEEEEEEEEEEEEEEEEEEEEEEEE
EEEEEEEEEEEEEEEEEEEEEEEEE
EEEEEEEEEEEEEEEEEEEEEEEEE
EEEEEEEEEEEEEEEEEEEEEEEEE
EEEEEEEEEEEEEEEEEEEEEEEEE
EEEEEEEEEEEEEEEEEEEEEEEEE
EEEEEEEEEEEEEEEEEEEEEEEEE
FFFFFFFFFFFFFFFFFHHHHHHHH
JJJJJJJJJJJJJJJJJJJJJJJJJ
JJJJJJJJJJJJJJJJJJJJJJJJJ
JJJJJJJJJJJJJJJJJJJJJJJJJ
JJJJJJJJJJJJJJJJJJJJJJJJJ
GGGGGGGGGGGGGGGGGGIIIIIII
Case #6:
GGGGGGGGGGGGGGGGGGGGGGGGG
YYYYYYYYYYYYYYYYYYYYYYYYY
YYYYYYYYYYYYYYYYYYYYYYYYY
NNNNNNNNNNNNNNNNNNNNNNNNN
NNNNNNNNNNNNNNNNNNNNNNNNN
BBBBBBBBBBBBBBBQQQMMMLLLL
BBBBBBBBBBBBBBBQQQMMMLLLL
FFFFFFFFFFFFFFFFFFFFFFFFF
FFFFFFFFFFFFFFFFFFFFFFFFF
OOVVVVVVAAAAZZZZIIIIIIIII
OOVVVVVVAAAAZZZZIIIIIIIII
OOVVVVVVAAAAZZZZIIIIIIIII
PPPPPPPPPPPPPPPPPPPPPRRRR
XXXXXXXXXXXXXXXXXXXXXXXXX
EEEEEEEEEEEEEEEEEEEEEEEEE
EEEEEEEEEEEEEEEEEEEEEEEEE
EEEEEEEEEEEEEEEEEEEEEEEEE
EEEEEEEEEEEEEEEEEEEEEEEEE
KKKKKKKKKWWWWWWWWWWWWWWWW
DDDDDDDDDDDDDDDDDDDDDUUUU
JJJJJJJTTTTTTTTTTTTTTTTTT
HHHHHHHHHHHHHHHHHHHHHHHHH
HHHHHHHHHHHHHHHHHHHHHHHHH
CCCCCCCCCCCCCCCCCCCCCCCCC
SSSSSSSSSSSSSSSSSSSSSSSSS
Case #7:
BBBBBBBBBBBRRRRRRRRRRRRRR
BBBBBBBBBBBRRRRRRRRRRRRRR
UUUUUUUUUUUUUUUUUUUUUUUUU
UUUUUUUUUUUUUUUUUUUUUUUUU
YYYYYYYYYYYYYYYYYYQQQQQQQ
JJJJJJJJJJJJJJJJJJJJJJJJJ
JJJJJJJJJJJJJJJJJJJJJJJJJ
JJJJJJJJJJJJJJJJJJJJJJJJJ
GGGGGGGGGGGGGGGGGGGGGGGGG
HHHHHHHHHHHHHHHHHHHHHHHHH
IIIIIIIIIIIIIIIIIIIIIIIII
IIIIIIIIIIIIIIIIIIIIIIIII
AAAAAAAAAAAAAAAAAAAAAAAEE
AAAAAAAAAAAAAAAAAAAAAAAEE
MMMMMMMMMMMMMMMMMMMMMMMMM
LLLLLLNNNNNNNNNNNNNNNNTTT
FFFFFFFFFSSSSSSSSSSSSSSSS
DDDDWWWWWWWWWWWWWWWWWWWWW
CCCCCCCCCCCCCCCCCCCCCCCCC
VVVVVVVXXXXXXXXXXXXXXXXXX
PPPPPPPPPPPPPPPPPPPPPPPPP
OOOOOOOOOOOOOOOOOOOOOOOOO
ZZZZZZZZZZZZZZZZZZZZZZZZZ
ZZZZZZZZZZZZZZZZZZZZZZZZZ
KKKKKKKKKKKKKKKKKKKKKKKKK
Case #8:
BB
AA
Case #9:
KKKKKKKKKKKKKKKKKKKKKKKKK
KKKKKKKKKKKKKKKKKKKKKKKKK
CCCCCCCCCCCCCCCCCCCCCCCCC
CCCCCCCCCCCCCCCCCCCCCCCCC
AAAAAAAAAAAAAAAAAAAAAJJEG
MMMMMMMMMMMMMMMMMMMMMMMMM
MMMMMMMMMMMMMMMMMMMMMMMMM
QQQQQQQQQQQQQQQQQFFFHHBBU
VVVVVVVVVVVVVVVVVVVVVPPPP
SSSSSSSSSSSSSNNNNNNNIYLTT
SSSSSSSSSSSSSNNNNNNNIYLTT
WWWWWWWWWWWWWWWWWWWWWWWXX
ZZZZZZZZZZZZZZZZZZZZZZZZZ
ZZZZZZZZZZZZZZZZZZZZZZZZZ
DDDDDDDDDDDDDDDDDDDDDDDDD
OOOOOOOOOOOOOOOOOOOOOOOOO
RRRRRRRRRRRRRRRRRRRRRRRRR
RRRRRRRRRRRRRRRRRRRRRRRRR
RRRRRRRRRRRRRRRRRRRRRRRRR
RRRRRRRRRRRRRRRRRRRRRRRRR
RRRRRRRRRRRRRRRRRRRRRRRRR
RRRRRRRRRRRRRRRRRRRRRRRRR
RRRRRRRRRRRRRRRRRRRRRRRRR
RRRRRRRRRRRRRRRRRRRRRRRRR
RRRRRRRRRRRRRRRRRRRRRRRRR
Case #10:
GGGGGGGGGGGGGGGGGGGGGGGGG
XXXXXXXXXXXXXXXXXXXXXXUUU
TTTTJJJJJJJJJJJJJJJJJJJJJ
TTTTJJJJJJJJJJJJJJJJJJJJJ
QQQQQQQQQQQQQQQQQQQQQQQQQ
ZZZZZZZZZZZZZZZZZZZZZZZZZ
ZZZZZZZZZZZZZZZZZZZZZZZZZ
MMMMMMMMMMMMMMMMMMMMMAAAA
HHHHHHHHHHHHHHHHHHHHHHHHH
SSSSSSSSSSSSPPPPPPPPPPPPP
IIIIIIIIIIIFFFFFFFFFFFFFF
LLLLLLLLLLLLLVVVVVVVVVVVV
CCCCCCCCCCCCCCCCCCCCCCCCC
CCCCCCCCCCCCCCCCCCCCCCCCC
CCCCCCCCCCCCCCCCCCCCCCCCC
CCCCCCCCCCCCCCCCCCCCCCCCC
CCCCCCCCCCCCCCCCCCCCCCCCC
CCCCCCCCCCCCCCCCCCCCCCCCC
WWWWWWWWWWWWWWWWWWWWWWWWW
OOOOOOOOOOOOOOOOOOODDDDDD
YYYYYYYYYYYYYYYYYYYYYYYYY
NNNNNNNNNNNNNNNNNNKKKKKKK
NNNNNNNNNNNNNNNNNNKKKKKKK
BBBBBBBBBBBEEEEEEEEEEEEEE
RRRRRRRRRRRRRRRRRRRRRRRRR
Case #11:
AAAAAAAAAAAAAAAAAAAAAAAAA
BBBBBBBBBBBBBBBBBBBBBBBBB
CCCCCCCCCCCCCCCCCCCCCCCCC
DDDDDDDDDDDDDDDDDDDDDDDDD
EEEEEEEEEEEEEEEEEEEEEEEEE
FFFFFFFFFFFFFFFFFFFFFFFFF
GGGGGGGGGGGGGGGGGGGGGGGGG
HHHHHHHHHHHHHHHHHHHHHHHHH
IIIIIIIIIIIIIIIIIIIIIIIII
JJJJJJJJJJJJJJJJJJJJJJJJJ
KKKKKKKKKKKKKKKKKKKKKKKKK
LLLLLLLLLLLLLLLLLLLLLLLLL
MMMMMMMMMMMMMMMMMMMMMMMMM
NNNNNNNNNNNNNNNNNNNNNNNNN
OOOOOOOOOOOOOOOOOOOOOOOOO
PPPPPPPPPPPPPPPPPPPPPPPPP
QQQQQQQQQQQQQQQQQQQQQQQQQ
RRRRRRRRRRRRRRRRRRRRRRRRR
SSSSSSSSSSSSSSSSSSSSSSSSS
TTTTTTTTTTTTTTTTTTTTTTTTT
UUUUUUUUUUUUUUUUUUUUUUUUU
VVVVVVVVVVVVVVVVVVVVVVVVV
WWWWWWWWWWWWWWWWWWWWWWWWW
XXXXXXXXXXXXXXXXXXXXXXXXX
YYYYYYYYYYYYYYYYYYYYYYYYY
Case #12:
AAAAACCCCCCCCCCCCCCCCCCCC
AAAAACCCCCCCCCCCCCCCCCCCC
EEEEEEEEEEEEEEEEEEEEEEEEE
EEEEEEEEEEEEEEEEEEEEEEEEE
EEEEEEEEEEEEEEEEEEEEEEEEE
EEEEEEEEEEEEEEEEEEEEEEEEE
BBBBBBDDDDDDDDDDDDDDDDDDD
BBBBBBDDDDDDDDDDDDDDDDDDD
BBBBBBDDDDDDDDDDDDDDDDDDD
BBBBBBDDDDDDDDDDDDDDDDDDD
BBBBBBDDDDDDDDDDDDDDDDDDD
BBBBBBDDDDDDDDDDDDDDDDDDD
BBBBBBDDDDDDDDDDDDDDDDDDD
BBBBBBDDDDDDDDDDDDDDDDDDD
BBBBBBDDDDDDDDDDDDDDDDDDD
BBBBBBDDDDDDDDDDDDDDDDDDD
BBBBBBDDDDDDDDDDDDDDDDDDD
FFFFFFFFFFFFFFFFFFFFFFFGG
HHHHHHHHHHHHHHHHHHHHHHHHH
IIIIIIIIIIIIIIIIIIIIIIIII
JJJJJJJJJJJJJJJJJJJJJJJJJ
JJJJJJJJJJJJJJJJJJJJJJJJJ
JJJJJJJJJJJJJJJJJJJJJJJJJ
JJJJJJJJJJJJJJJJJJJJJJJJJ
JJJJJJJJJJJJJJJJJJJJJJJJJ
Case #13:
AAAAAAAAAABBBBBBBBBBBBBBB
AAAAAAAAAABBBBBBBBBBBBBBB
AAAAAAAAAABBBBBBBBBBBBBBB
AAAAAAAAAABBBBBBBBBBBBBBB
AAAAAAAAAABBBBBBBBBBBBBBB
AAAAAAAAAABBBBBBBBBBBBBBB
AAAAAAAAAABBBBBBBBBBBBBBB
AAAAAAAAAABBBBBBBBBBBBBBB
AAAAAAAAAABBBBBBBBBBBBBBB
CCCCCCCCCCCCCCCCCCCCCCCCC
DDDDDDDDDDDDDDDDDDDDDDDDD
EEEEEEEEEEEEEEEEEEEEEEEEE
EEEEEEEEEEEEEEEEEEEEEEEEE
FFFFFFFFFFFFFFFFFFFFHHHHH
JJJJJJJJJJJJJJJJJJJJJJJJJ
JJJJJJJJJJJJJJJJJJJJJJJJJ
JJJJJJJJJJJJJJJJJJJJJJJJJ
JJJJJJJJJJJJJJJJJJJJJJJJJ
GGGGGGGGGGGGGGGGGGGGGIIII
GGGGGGGGGGGGGGGGGGGGGIIII
GGGGGGGGGGGGGGGGGGGGGIIII
GGGGGGGGGGGGGGGGGGGGGIIII
GGGGGGGGGGGGGGGGGGGGGIIII
GGGGGGGGGGGGGGGGGGGGGIIII
GGGGGGGGGGGGGGGGGGGGGIIII
Case #14:
AAAAAABBBBBBBBBBBBBBBBBBB
AAAAAABBBBBBBBBBBBBBBBBBB
CCCCCCCCCCCCCCCCCCCCCCCCC
DDDDDDDDDDDDDDDDDDDDDDDDD
EEEEEEEEEEEEEEEEEEEEEEEEE
EEEEEEEEEEEEEEEEEEEEEEEEE
EEEEEEEEEEEEEEEEEEEEEEEEE
EEEEEEEEEEEEEEEEEEEEEEEEE
EEEEEEEEEEEEEEEEEEEEEEEEE
EEEEEEEEEEEEEEEEEEEEEEEEE
EEEEEEEEEEEEEEEEEEEEEEEEE
EEEEEEEEEEEEEEEEEEEEEEEEE
EEEEEEEEEEEEEEEEEEEEEEEEE
EEEEEEEEEEEEEEEEEEEEEEEEE
EEEEEEEEEEEEEEEEEEEEEEEEE
EEEEEEEEEEEEEEEEEEEEEEEEE
EEEEEEEEEEEEEEEEEEEEEEEEE
FFFFFFFFFFFFFFFFHHHHHHHHH
JJJJJJJJJJJJJJJJJJJJJJJJJ
JJJJJJJJJJJJJJJJJJJJJJJJJ
JJJJJJJJJJJJJJJJJJJJJJJJJ
JJJJJJJJJJJJJJJJJJJJJJJJJ
GGGGGGGGGGGGGGGGGIIIIIIII
GGGGGGGGGGGGGGGGGIIIIIIII
GGGGGGGGGGGGGGGGGIIIIIIII
Case #15:
VVVVVVVVVVVVVVVVVVVVVVVVV
KKKKKKKKFFFFFFFFFFFFFFFFF
KKKKKKKKFFFFFFFFFFFFFFFFF
AAAAAAAPZZZZZZZZZZZZZZZZZ
UUUUUSSQIIIGGGGGGGGGGGGGG
DDDDDYYYRRRRRRRRRRRRRRRRR
NNNNNOOHEELLLLLLLLLLLLLLL
JJJJJJCWWXBBBBBBBBBBBBBBB
MMMMMMMMTTTTTTTTTTTTTTTTT
MMMMMMMMTTTTTTTTTTTTTTTTT
MMMMMMMMTTTTTTTTTTTTTTTTT
MMMMMMMMTTTTTTTTTTTTTTTTT
MMMMMMMMTTTTTTTTTTTTTTTTT
MMMMMMMMTTTTTTTTTTTTTTTTT
MMMMMMMMTTTTTTTTTTTTTTTTT
MMMMMMMMTTTTTTTTTTTTTTTTT
MMMMMMMMTTTTTTTTTTTTTTTTT
MMMMMMMMTTTTTTTTTTTTTTTTT
MMMMMMMMTTTTTTTTTTTTTTTTT
MMMMMMMMTTTTTTTTTTTTTTTTT
MMMMMMMMTTTTTTTTTTTTTTTTT
MMMMMMMMTTTTTTTTTTTTTTTTT
MMMMMMMMTTTTTTTTTTTTTTTTT
MMMMMMMMTTTTTTTTTTTTTTTTT
MMMMMMMMTTTTTTTTTTTTTTTTT
Case #16:
KKKKKKKKHHHHHHHHHHHIIIII
KKKKKKKKHHHHHHHHHHHIIIII
KKKKKKKKHHHHHHHHHHHIIIII
KKKKKKKKHHHHHHHHHHHIIIII
SSSSSSSSSSSSSSSVVXXXXXXX
UUUUUUUUUUUUUUUUMMMMMMMM
WWWWWWWWWWWWWWWWWWWWWWWW
QQQQQQQQQQQQQQQQQQQQQQQQ
FFFFFFFFFFFFFFFFFFFFFFFF
FFFFFFFFFFFFFFFFFFFFFFFF
YYYYYYYYYYYYYYYYYYYYYYYY
DDDDDDDDDDDDDDDDDDDDDDDD
JJJJJJJJJJJJJJJJJJJJJJJJ
RRRRRRRRRRRRRRRRRRRRRRRR
TTTTTTTTTTTTTTTTTTTTTTTT
TTTTTTTTTTTTTTTTTTTTTTTT
TTTTTTTTTTTTTTTTTTTTTTTT
AAAAAAAAAAPPPPPPPPPPPPPP
OOOOOOOOOOOOOOOOOOOOOOOO
OOOOOOOOOOOOOOOOOOOOOOOO
NNNNNNNNNNNNNNNNNNNNNNNN
NNNNNNNNNNNNNNNNNNNNNNNN
BBBBBBBBBBBBBBBBBBBBBBBB
BBBBBBBBBBBBBBBBBBBBBBBB
LLLLLLLLLLGEEEEEECCCCCCC
Case #17:
HHHHHHHHHHHHHHHHHHHHHHHHH
ZZZZZZDDDDDDEEEEEIIIIIIII
CCCCCCCCCCCCCCCCCCCCCCCCC
BBBBBBBBBBBBBBBBBBBBBBBBB
MMMMMMMMMMMMMMMMMMMMMMMMM
MMMMMMMMMMMMMMMMMMMMMMMMM
RRRRRRRRRRRRRRRRRRRRRRRRR
RRRRRRRRRRRRRRRRRRRRRRRRR
OOOOOOOOOOOOOOOOOOOOOOOOO
OOOOOOOOOOOOOOOOOOOOOOOOO
OOOOOOOOOOOOOOOOOOOOOOOOO
OOOOOOOOOOOOOOOOOOOOOOOOO
YYYYYYYYJJJJJJJJJJJJJJJJJ
VVVVVVVVVVVVVVVVVVVVVVVVV
VVVVVVVVVVVVVVVVVVVVVVVVV
PPPPPPPPPPPPPPPPPPPPPPPPP
TTTTTTTTTTTTTTTTTLLLLLLLL
UUUUUUUUUUUUUUUWWWWWWSSSS
XXXXXXXXXXXXXXXXXXXXXXXXX
QQQQQQQQQQQQQQQQQQQQQQQQQ
GGGGGGGGGGGGGGGNNNNNNNNNN
GGGGGGGGGGGGGGGNNNNNNNNNN
GGGGGGGGGGGGGGGNNNNNNNNNN
AAAAAAAAAAAAAAAAAAAKKKKKK
FFFFFFFFFFFFFFFFFFFFFFFFF
Case #18:
IIIIIIIIIIIIIIIIIIIIIIIII
IIIIIIIIIIIIIIIIIIIIIIIII
AAAAAAAAAAAAAAAAAAAAAAAAA
AAAAAAAAAAAAAAAAAAAAAAAAA
QQQQQQQQQQQQQQQQQQQQQQQQQ
FFFFFFFFFFFFFFUUUUUUUUUUU
HHHHHHHHHHHHHHHHHHHHKKKKK
VVVVVVVVVVVVVVVVVVVVVVVVV
ZZZZZZZEEEEEEEEEEEEEEEEEE
MMMMMMMMMMMMMMMMMMMMMMMMM
SSSSSSSSSSSSSSSSSSSSSSSSS
CCCCCCCCCCCCCCCCCCCCCCCCC
CCCCCCCCCCCCCCCCCCCCCCCCC
CCCCCCCCCCCCCCCCCCCCCCCCC
YYYYYYYYYYYYYYYYYYYYYYYYY
BBBBBBBBBBBBBBBBBBBBBBBBB
BBBBBBBBBBBBBBBBBBBBBBBBB
BBBBBBBBBBBBBBBBBBBBBBBBB
BBBBBBBBBBBBBBBBBBBBBBBBB
NNNNNNNNNNNNNNNNNNNNNNNNN
XXXXXXXWWWWWWWWWWWWWWWWWT
XXXXXXXWWWWWWWWWWWWWWWWWT
PPPPPPPPPPPPPPPPPPPPPPPPP
LLLLLLLLLLLLLLLLLDDDRRRRR
GGGGGGGGGGGGJJJJJJJJJOOOO
Case #19:
AAAAAAAAAAAAAAABBBBBBBBBB
AAAAAAAAAAAAAAABBBBBBBBBB
AAAAAAAAAAAAAAABBBBBBBBBB
AAAAAAAAAAAAAAABBBBBBBBBB
AAAAAAAAAAAAAAABBBBBBBBBB
AAAAAAAAAAAAAAABBBBBBBBBB
AAAAAAAAAAAAAAABBBBBBBBBB
AAAAAAAAAAAAAAABBBBBBBBBB
AAAAAAAAAAAAAAABBBBBBBBBB
AAAAAAAAAAAAAAABBBBBBBBBB
AAAAAAAAAAAAAAABBBBBBBBBB
AAAAAAAAAAAAAAABBBBBBBBBB
AAAAAAAAAAAAAAABBBBBBBBBB
AAAAAAAAAAAAAAABBBBBBBBBB
AAAAAAAAAAAAAAABBBBBBBBBB
AAAAAAAAAAAAAAABBBBBBBBBB
AAAAAAAAAAAAAAABBBBBBBBBB
AAAAAAAAAAAAAAABBBBBBBBBB
CCCCCCCCCCCCCCCCCCCCCCCCC
DDDDDDDDDDDDDDDDDDDDDDDDD
EEEEEEEEEEEEEEEEEEEEEEEEE
EEEEEEEEEEEEEEEEEEEEEEEEE
EEEEEEEEEEEEEEEEEEEEEEEEE
EEEEEEEEEEEEEEEEEEEEEEEEE
EEEEEEEEEEEEEEEEEEEEEEEEE
Case #20:
FFFFFFFFFFFFFFFFFFFFFFFFF
FFFFFFFFFFFFFFFFFFFFFFFFF
FFFFFFFFFFFFFFFFFFFFFFFFF
FFFFFFFFFFFFFFFFFFFFFFFFF
FFFFFFFFFFFFFFFFFFFFFFFFF
FFFFFFFFFFFFFFFFFFFFFFFFF
FFFFFFFFFFFFFFFFFFFFFFFFF
DDDDDDDDDDDDDRRRRRRRRRRRR
DDDDDDDDDDDDDRRRRRRRRRRRR
JJJJJJJJJJJJJJIAAAAAAAAAA
XXXXXXXXXXXZNWQQQQQQQQQQQ
UUUUUUUUUOOVVVVVVVVVVVVVV
CCCCCCCCCCCCCYPPMMMMMMMMM
SSSSSSSSSSSBTLLHHHHHHHHHH
GGGGGGGGGGGGGGGGGGGGGGGGG
KKKKKKKKKKKKEEEEEEEEEEEEE
KKKKKKKKKKKKEEEEEEEEEEEEE
KKKKKKKKKKKKEEEEEEEEEEEEE
KKKKKKKKKKKKEEEEEEEEEEEEE
KKKKKKKKKKKKEEEEEEEEEEEEE
KKKKKKKKKKKKEEEEEEEEEEEEE
KKKKKKKKKKKKEEEEEEEEEEEEE
KKKKKKKKKKKKEEEEEEEEEEEEE
KKKKKKKKKKKKEEEEEEEEEEEEE
KKKKKKKKKKKKEEEEEEEEEEEEE
Case #21:
KKKKKKKKKKKKKKKKKKKKKKKKJ
KKKKKKKKKKKKKKKKKKKKKKKKJ
KKKKKKKKKKKKKKKKKKKKKKKKJ
KKKKKKKKKKKKKKKKKKKKKKKKJ
KKKKKKKKKKKKKKKKKKKKKKKKJ
KKKKKKKKKKKKKKKKKKKKKKKKJ
KKKKKKKKKKKKKKKKKKKKKKKKJ
KKKKKKKKKKKKKKKKKKKKKKKKJ
KKKKKKKKKKKKKKKKKKKKKKKKJ
KKKKKKKKKKKKKKKKKKKKKKKKJ
KKKKKKKKKKKKKKKKKKKKKKKKJ
KKKKKKKKKKKKKKKKKKKKKKKKJ
KKKKKKKKKKKKKKKKKKKKKKKKJ
KKKKKKKKKKKKKKKKKKKKKKKKJ
KKKKKKKKKKKKKKKKKKKKKKKKJ
KKKKKKKKKKKKKKKKKKKKKKKKJ
KKKKKKKKKKKKKKKKKKKKKKKKJ
VVVVVVVVVVVVVVVVVVVVVVVVE
WWWWWWWWWWWWWWWWWWWWWWWWR
HHHHHHHHHHHHHHHHHHHHHLLLU
XXXXXXXXXXXXXXXXXXXXBBIIZ
AAAAAAAAAAAAAAAAAAAAAAAAO
YYYYYYYYYYYYYYYYYYYYYYYYY
NNNNNNNNNNNNNNNNNNQDCCGGF
SSSSSSSSSSSSSSSSSSSSSSPTM
Case #22:
XXXXXXXXXXXXXXXXXXFFFFFFF
CCCCCCCCCCCCCCCCCCCCCCCCC
CCCCCCCCCCCCCCCCCCCCCCCCC
CCCCCCCCCCCCCCCCCCCCCCCCC
JJJJJJJHHHHHHHHHHHHHHHHHH
JJJJJJJHHHHHHHHHHHHHHHHHH
QQQQQQQQQQQQQQQQQQQQQQQQQ
DDDDDDDDDDDDDDDDDDDDDDDDD
YYYYYYYYYYYYYYYYYYYYYYYYY
NNNNNNNNNNVVIIIIIIIIIIIII
GGGGGGGGGGGGGGGGAAAAAAAAA
SSSSSSSSSSSSSSSSSSSSSSSSS
SSSSSSSSSSSSSSSSSSSSSSSSS
BBBBBBBBBBBBBBBBBBBBBBBBB
ZZZZZZZZZZZZZZZZZZZZZZZZZ
ZZZZZZZZZZZZZZZZZZZZZZZZZ
EEEEEEEEEEEEEEEEEEEEEEEEE
MMMMMMMMLLLLLLLLLLLLLLLLL
UUUUUUOOOOOOOOOOOOOOOOOOO
KKKKKKKKKKKKKKKKKKKKKKKKK
WWWWWWWWWWWWWWWWWWWWWWWWW
PPPPPPPPPPPPPPPPPPPPPPPPP
PPPPPPPPPPPPPPPPPPPPPPPPP
PPPPPPPPPPPPPPPPPPPPPPPPP
TTTTTTTTTTTTTTTTTTTRRRRRR
Case #23:
IIIIIIIIIIIIIIIIIIIIIOOOO
IIIIIIIIIIIIIIIIIIIIIOOOO
IIIIIIIIIIIIIIIIIIIIIOOOO
IIIIIIIIIIIIIIIIIIIIIOOOO
IIIIIIIIIIIIIIIIIIIIIOOOO
IIIIIIIIIIIIIIIIIIIIIOOOO
IIIIIIIIIIIIIIIIIIIIIOOOO
IIIIIIIIIIIIIIIIIIIIIOOOO
IIIIIIIIIIIIIIIIIIIIIOOOO
IIIIIIIIIIIIIIIIIIIIIOOOO
IIIIIIIIIIIIIIIIIIIIIOOOO
IIIIIIIIIIIIIIIIIIIIIOOOO
IIIIIIIIIIIIIIIIIIIIIOOOO
IIIIIIIIIIIIIIIIIIIIIOOOO
UUUUUUUUUUUUUUUUUUUUUMMMM
RRRRRRRRRRRRRRRRRRRRRRRRR
BBBBBBBBBBBBBBBBBBBBKHJJJ
NNNNNNNNNNNNNNNNNNNNZZZTT
NNNNNNNNNNNNNNNNNNNNZZZTT
QQQQQQQQQQQQQQQQQQQQQQQQQ
GGGGGGGGGGGGGGGGGGEAFWWWW
PPPPPPPPPPPPPPPPPPPPPPPPP
XXXXXXXXXXXXXXXXXXXXXXXXD
VVVVVVVVVVVVSSSSSSSSSSSSS
CCCCCCCCCCCCCCCCCYYLLLLLL
Case #24:
ABCDEFGHIJKLMNOPQRSTUVWXY
ABCDEFGHIJKLMNOPQRSTUVWXY
ABCDEFGHIJKLMNOPQRSTUVWXY
ABCDEFGHIJKLMNOPQRSTUVWXY
ABCDEFGHIJKLMNOPQRSTUVWXY
ABCDEFGHIJKLMNOPQRSTUVWXY
ABCDEFGHIJKLMNOPQRSTUVWXY
ABCDEFGHIJKLMNOPQRSTUVWXY
ABCDEFGHIJKLMNOPQRSTUVWXY
ABCDEFGHIJKLMNOPQRSTUVWXY
ABCDEFGHIJKLMNOPQRSTUVWXY
ABCDEFGHIJKLMNOPQRSTUVWXY
ABCDEFGHIJKLMNOPQRSTUVWXY
ABCDEFGHIJKLMNOPQRSTUVWXY
ABCDEFGHIJKLMNOPQRSTUVWXY
ABCDEFGHIJKLMNOPQRSTUVWXY
ABCDEFGHIJKLMNOPQRSTUVWXY
ABCDEFGHIJKLMNOPQRSTUVWXY
ABCDEFGHIJKLMNOPQRSTUVWXY
ABCDEFGHIJKLMNOPQRSTUVWXY
ABCDEFGHIJKLMNOPQRSTUVWXY
ABCDEFGHIJKLMNOPQRSTUVWXY
ABCDEFGHIJKLMNOPQRSTUVWXY
ABCDEFGHIJKLMNOPQRSTUVWXY
ABCDEFGHIJKLMNOPQRSTUVWXY
Case #25:
IIIIIIIIIIIIIIIIIIIIIIIII
IIIIIIIIIIIIIIIIIIIIIIIII
UUUUUUUUUUUUUUUUUUUUUUUUU
UUUUUUUUUUUUUUUUUUUUUUUUU
UUUUUUUUUUUUUUUUUUUUUUUUU
YYYYYYYYYYYYYLLLLLLLLLLLL
EEEEEEEEEEEEEEEEEEEEERRRR
MMMMMMMMMMMMMMMMMMMMMMMMM
CCCCNNNNNNNNNNNNNNNNNNNNN
CCCCNNNNNNNNNNNNNNNNNNNNN
TTTTTTTTDDDDXXXXXXXXXXXBB
GGGGGGGGGGGGGGGGGGGGGGGGG
PPPPPPQQQQQQQQQQQQQQQQQQQ
FFFFFFFFFFFFFFFFFFFFFFFFF
FFFFFFFFFFFFFFFFFFFFFFFFF
SSSSSSSSSSSSSSSSSSSSSSSSS
SSSSSSSSSSSSSSSSSSSSSSSSS
OOOOOOOOOOOOOOOOOOOOOOOOO
AAAAAAAAAAAAAAAAAAAAAAAAA
AAAAAAAAAAAAAAAAAAAAAAAAA
HHHHHHHHHHHHHHHHHHHHHKKKK
WWWWWWWWWWWWWWWWWWWWWWWWW
JJJJJJJJJJJJJJJJJJJJJJJJJ
VVVVVVVVVVVVVVVVVVVVVVVVV
Case #26:
AB
Case #27:
MLLLL
MLLLL
KIAAA
GCHJJ
BNOOO
EFFFF
DDDDD
Case #28:
ABCDEFGHIJKLMNOPQRSTUVWXY
ABCDEFGHIJKLMNOPQRSTUVWXY
ABCDEFGHIJKLMNOPQRSTUVWXY
ABCDEFGHIJKLMNOPQRSTUVWXY
ABCDEFGHIJKLMNOPQRSTUVWXY
ABCDEFGHIJKLMNOPQRSTUVWXY
ABCDEFGHIJKLMNOPQRSTUVWXY
ABCDEFGHIJKLMNOPQRSTUVWXY
ABCDEFGHIJKLMNOPQRSTUVWXY
ABCDEFGHIJKLMNOPQRSTUVWXY
ABCDEFGHIJKLMNOPQRSTUVWXY
ABCDEFGHIJKLMNOPQRSTUVWXY
ABCDEFGHIJKLMNOPQRSTUVWXY
ABCDEFGHIJKLMNOPQRSTUVWXY
ABCDEFGHIJKLMNOPQRSTUVWXY
ABCDEFGHIJKLMNOPQRSTUVWXY
ABCDEFGHIJKLMNOPQRSTUVWXY
ABCDEFGHIJKLMNOPQRSTUVWXY
ABCDEFGHIJKLMNOPQRSTUVWXY
ABCDEFGHIJKLMNOPQRSTUVWXY
ABCDEFGHIJKLMNOPQRSTUVWXY
ABCDEFGHIJKLMNOPQRSTUVWXY
ABCDEFGHIJKLMNOPQRSTUVWXY
ABCDEFGHIJKLMNOPQRSTUVWXY
ABCDEFGHIJKLMNOPQRSTUVWXY
Case #29:
AAAAABBBBBBBBBBBBBBBBBBBB
AAAAABBBBBBBBBBBBBBBBBBBB
AAAAABBBBBBBBBBBBBBBBBBBB
AAAAABBBBBBBBBBBBBBBBBBBB
AAAAABBBBBBBBBBBBBBBBBBBB
CCCCCCCCCCCCCCCCCCCCCCCCC
DDDDDDDDDDDDDDDDDDDDDDDDD
EEEEEEEEEEEEEEEEEEEEEEEEE
EEEEEEEEEEEEEEEEEEEEEEEEE
EEEEEEEEEEEEEEEEEEEEEEEEE
EEEEEEEEEEEEEEEEEEEEEEEEE
EEEEEEEEEEEEEEEEEEEEEEEEE
EEEEEEEEEEEEEEEEEEEEEEEEE
EEEEEEEEEEEEEEEEEEEEEEEEE
EEEEEEEEEEEEEEEEEEEEEEEEE
EEEEEEEEEEEEEEEEEEEEEEEEE
FFFFFFFFFFFFFFFFFFHHHHHHH
JJJJJJJJJJJJJJJJJJJJJJJJJ
JJJJJJJJJJJJJJJJJJJJJJJJJ
JJJJJJJJJJJJJJJJJJJJJJJJJ
JJJJJJJJJJJJJJJJJJJJJJJJJ
GGGGGGGGGGGGGGGGGGGIIIIII
GGGGGGGGGGGGGGGGGGGIIIIII
GGGGGGGGGGGGGGGGGGGIIIIII
GGGGGGGGGGGGGGGGGGGIIIIII
Case #30:
TTTTTTTTTTTTTTTTPPPMBRRRR
TTTTTTTTTTTTTTTTPPPMBRRRR
TTTTTTTTTTTTTTTTPPPMBRRRR
TTTTTTTTTTTTTTTTPPPMBRRRR
TTTTTTTTTTTTTTTTPPPMBRRRR
TTTTTTTTTTTTTTTTPPPMBRRRR
TTTTTTTTTTTTTTTTPPPMBRRRR
TTTTTTTTTTTTTTTTPPPMBRRRR
TTTTTTTTTTTTTTTTPPPMBRRRR
TTTTTTTTTTTTTTTTPPPMBRRRR
TTTTTTTTTTTTTTTTPPPMBRRRR
TTTTTTTTTTTTTTTTPPPMBRRRR
TTTTTTTTTTTTTTTTPPPMBRRRR
TTTTTTTTTTTTTTTTPPPMBRRRR
TTTTTTTTTTTTTTTTPPPMBRRRR
TTTTTTTTTTTTTTTTPPPMBRRRR
WWWWWWWWWWWWWWWWWNVZZZYYY
JJJJJJJJJJJJJJJJJHHCCUUUU
EEEEEEEEEEEEEEEEEEELLKXXX
QQQQQQQQQQQQQQQQAAAAGGGGG
SSSSSSSSSSSSSSSSSIFOOOOOO
DDDDDDDDDDDDDDDDDDDDDDDDD
DDDDDDDDDDDDDDDDDDDDDDDDD
DDDDDDDDDDDDDDDDDDDDDDDDD
DDDDDDDDDDDDDDDDDDDDDDDDD
Case #31:
CB
AA
Case #32:
AAAAAAAAAAAAAAAAAAAAAAAAA
BBBBBBBBBBBBBBBBBBBBBBBBB
CCCCCCCCCCCCCCCCCCCCCCCCC
DDDDDDDDDDDDDDDDDDDDDDDDD
EEEEEEEEEEEEEEEEEEEEEEEEE
FFFFFFFFFFFFFFFFFFFFFFFFF
GGGGGGGGGGGGGGGGGGGGGGGGG
HHHHHHHHHHHHHHHHHHHHHHHHH
IIIIIIIIIIIIIIIIIIIIIIIII
JJJJJJJJJJJJJJJJJJJJJJJJJ
KKKKKKKKKKKKKKKKKKKKKKKKK
LLLLLLLLLLLLLLLLLLLLLLLLL
MMMMMMMMMMMMMMMMMMMMMMMMM
NNNNNNNNNNNNNNNNNNNNNNNNN
OOOOOOOOOOOOOOOOOOOOOOOOO
PPPPPPPPPPPPPPPPPPPPPPPPP
QQQQQQQQQQQQQQQQQQQQQQQQQ
RRRRRRRRRRRRRRRRRRRRRRRRR
SSSSSSSSSSSSSSSSSSSSSSSSS
TTTTTTTTTTTTTTTTTTTTTTTTT
UUUUUUUUUUUUUUUUUUUUUUUUU
VVVVVVVVVVVVVVVVVVVVVVVVV
WWWWWWWWWWWWWWWWWWWWWWWWW
XXXXXXXXXXXXXXXXXXXXXXXXX
YYYYYYYYYYYYYYYYYYYYYYYYY
Case #33:
FFFFFFFFFFFFFFFFFFFFFFFFF
FFFFFFFFFFFFFFFFFFFFFFFFF
FFFFFFFFFFFFFFFFFFFFFFFFF
VVVOOOOOOOOOOOOOOOOOOOOOO
VVVOOOOOOOOOOOOOOOOOOOOOO
CCCCCCCCCCCCCCCCCCCCCCCCC
GGGGGGGGGGGGGGGGGGGGGSSSS
GGGGGGGGGGGGGGGGGGGGGSSSS
NNNNNNNNNNNNNNNNNNNNNNNNN
DDDDDDDDDDDDDDDDDQQQQQQQQ
YYYYYYYYYYYYYYYYYYMMMMMMM
YYYYYYYYYYYYYYYYYYMMMMMMM
AAAAAAAAAAAAAAAAAAAAAAAAA
WWWWWWWWWWWWWWWWXXXXXXXXX
WWWWWWWWWWWWWWWWXXXXXXXXX
HHHHHHHHHHHHHHHHHHHHHHHHH
HHHHHHHHHHHHHHHHHHHHHHHHH
BBBBBBBBBBBBBBBBBBBBBBBBB
JJJJJJJJJJJJJJJJJJJJJJJJJ
TTTTTTTTZZZZZZZEEEEEEEEEE
LLLLLLLLLLLLLLLLLLLLLLLLL
PPPPPPPPPPPPPPPPPPPPPPPPP
PPPPPPPPPPPPPPPPPPPPPPPPP
UUUUUUUUUUUUUUUUUUUUUUUUU
RRRRRRRRRRRKKKIIIIIIIIIII
Case #34:
AAAAAAAAAAABBBBBBBBBBBBBB
AAAAAAAAAAABBBBBBBBBBBBBB
AAAAAAAAAAABBBBBBBBBBBBBB
AAAAAAAAAAABBBBBBBBBBBBBB
AAAAAAAAAAABBBBBBBBBBBBBB
AAAAAAAAAAABBBBBBBBBBBBBB
AAAAAAAAAAABBBBBBBBBBBBBB
AAAAAAAAAAABBBBBBBBBBBBBB
AAAAAAAAAAABBBBBBBBBBBBBB
AAAAAAAAAAABBBBBBBBBBBBBB
AAAAAAAAAAABBBBBBBBBBBBBB
AAAAAAAAAAABBBBBBBBBBBBBB
AAAAAAAAAAABBBBBBBBBBBBBB
AAAAAAAAAAABBBBBBBBBBBBBB
AAAAAAAAAAABBBBBBBBBBBBBB
AAAAAAAAAAABBBBBBBBBBBBBB
AAAAAAAAAAABBBBBBBBBBBBBB
AAAAAAAAAAABBBBBBBBBBBBBB
CCCCCCCCCCCCCCCCCCCCCCCCC
DDDDDDDDDDDDDDDDDDDDDDDDD
EEEEEEEEEEEEEEEEEEEEEEEEE
EEEEEEEEEEEEEEEEEEEEEEEEE
EEEEEEEEEEEEEEEEEEEEEEEEE
EEEEEEEEEEEEEEEEEEEEEEEEE
EEEEEEEEEEEEEEEEEEEEEEEEE
Case #35:
AAAAAAAAAAAAAAAAAAAAAAAAA
BBBBBBBBBBBBBBBBBBBBBBBBB
CCCCCCCCCCCCCCCCCCCCCCCCC
DDDDDDDDDDDDDDDDDDDDDDDDD
EEEEEEEEEEEEEEEEEEEEEEEEE
FFFFFFFFFFFFFFFFFFFFFFFFF
GGGGGGGGGGGGGGGGGGGGGGGGG
HHHHHHHHHHHHHHHHHHHHHHHHH
IIIIIIIIIIIIIIIIIIIIIIIII
JJJJJJJJJJJJJJJJJJJJJJJJJ
KKKKKKKKKKKKKKKKKKKKKKKKK
LLLLLLLLLLLLLLLLLLLLLLLLL
MMMMMMMMMMMMMMMMMMMMMMMMM
NNNNNNNNNNNNNNNNNNNNNNNNN
OOOOOOOOOOOOOOOOOOOOOOOOO
PPPPPPPPPPPPPPPPPPPPPPPPP
QQQQQQQQQQQQQQQQQQQQQQQQQ
RRRRRRRRRRRRRRRRRRRRRRRRR
SSSSSSSSSSSSSSSSSSSSSSSSS
TTTTTTTTTTTTTTTTTTTTTTTTT
UUUUUUUUUUUUUUUUUUUUUUUUU
VVVVVVVVVVVVVVVVVVVVVVVVV
WWWWWWWWWWWWWWWWWWWWWWWWW
XXXXXXXXXXXXXXXXXXXXXXXXX
YYYYYYYYYYYYYYYYYYYYYYYYY
Case #36:
AA
AA
Case #37:
AAAAAAAAAAAAABBBBBBBBBBBB
AAAAAAAAAAAAABBBBBBBBBBBB
AAAAAAAAAAAAABBBBBBBBBBBB
AAAAAAAAAAAAABBBBBBBBBBBB
AAAAAAAAAAAAABBBBBBBBBBBB
AAAAAAAAAAAAABBBBBBBBBBBB
AAAAAAAAAAAAABBBBBBBBBBBB
AAAAAAAAAAAAABBBBBBBBBBBB
AAAAAAAAAAAAABBBBBBBBBBBB
AAAAAAAAAAAAABBBBBBBBBBBB
AAAAAAAAAAAAABBBBBBBBBBBB
AAAAAAAAAAAAABBBBBBBBBBBB
AAAAAAAAAAAAABBBBBBBBBBBB
AAAAAAAAAAAAABBBBBBBBBBBB
AAAAAAAAAAAAABBBBBBBBBBBB
CCCCCCCCCCCCCCCCCCCCCCCCC
DDDDDDDDDDDDDDDDDDDDDDDDD
EEEEEEEEEEEEEEEEEEEEEEEEE
EEEEEEEEEEEEEEEEEEEEEEEEE
EEEEEEEEEEEEEEEEEEEEEEEEE
EEEEEEEEEEEEEEEEEEEEEEEEE
EEEEEEEEEEEEEEEEEEEEEEEEE
EEEEEEEEEEEEEEEEEEEEEEEEE
EEEEEEEEEEEEEEEEEEEEEEEEE
EEEEEEEEEEEEEEEEEEEEEEEEE
Case #38:
GGSSCIEEEEEFFZBBBBXAYYNNT
JJJMMMKVVRLLWPDQQQHOOOOOU
Case #39:
AAACCCCCCCCCCCCCCCCCCCCCC
AAACCCCCCCCCCCCCCCCCCCCCC
AAACCCCCCCCCCCCCCCCCCCCCC
EEEEEEEEEEEEEEEEEEEEEEEEE
EEEEEEEEEEEEEEEEEEEEEEEEE
EEEEEEEEEEEEEEEEEEEEEEEEE
EEEEEEEEEEEEEEEEEEEEEEEEE
BBBBDDDDDDDDDDDDDDDDDDDDD
BBBBDDDDDDDDDDDDDDDDDDDDD
BBBBDDDDDDDDDDDDDDDDDDDDD
BBBBDDDDDDDDDDDDDDDDDDDDD
BBBBDDDDDDDDDDDDDDDDDDDDD
BBBBDDDDDDDDDDDDDDDDDDDDD
BBBBDDDDDDDDDDDDDDDDDDDDD
BBBBDDDDDDDDDDDDDDDDDDDDD
BBBBDDDDDDDDDDDDDDDDDDDDD
BBBBDDDDDDDDDDDDDDDDDDDDD
BBBBDDDDDDDDDDDDDDDDDDDDD
BBBBDDDDDDDDDDDDDDDDDDDDD
FFFFFFFFFFFFFFFFFFFFFGGGG
HHHHHHHHHHHHHHHHHHHHHHHHH
IIIIIIIIIIIIIIIIIIIIIIIII
JJJJJJJJJJJJJJJJJJJJJJJJJ
JJJJJJJJJJJJJJJJJJJJJJJJJ
JJJJJJJJJJJJJJJJJJJJJJJJJ
Case #40:
YYYYYYYYYYYYYYYYYYYYYYYYY
YYYYYYYYYYYYYYYYYYYYYYYYY
YYYYYYYYYYYYYYYYYYYYYYYYY
YYYYYYYYYYYYYYYYYYYYYYYYY
YYYYYYYYYYYYYYYYYYYYYYYYY
YYYYYYYYYYYYYYYYYYYYYYYYY
YYYYYYYYYYYYYYYYYYYYYYYYY
YYYYYYYYYYYYYYYYYYYYYYYYY
YYYYYYYYYYYYYYYYYYYYYYYYY
YYYYYYYYYYYYYYYYYYYYYYYYY
YYYYYYYYYYYYYYYYYYYYYYYYY
YYYYYYYYYYYYYYYYYYYYYYYYY
YYYYYYYYYYYYYYYYYYYYYYYYY
YYYYYYYYYYYYYYYYYYYYYYYYY
LLLLEEEEEEEEEEEEEEEEEEEEE
HHHHHPPPRRRRRRRRRRRRRRRRR
OOOOOOVVVVVVVVVVVVVVVVVVV
ZZZZZZZIIIIIIIIIIIIIIIIII
AAAAAAAAABBBWWWWWWWWWWWWW
FFFFFFFFFKJJJJJJJJJJJJJJJ
SSSSSCCCCCDDDDDDDDDDDDDDD
GGGGGGGGNNNNNNNNNNNNNNNNN
MMMMMMMMMMMMMMMMMMMMMMMMM
TTTTTTTTUUXXXXXXXXXXXXXXX
QQQQQQQQQQQQQQQQQQQQQQQQQ
Case #41:
CCCYYYYYYYYYYYYYYYYYYYYYY
CCCYYYYYYYYYYYYYYYYYYYYYY
CCCYYYYYYYYYYYYYYYYYYYYYY
CCCYYYYYYYYYYYYYYYYYYYYYY
RRRRRHHHHHHHHHHHHHHHHHHHH
EETTTTTTTTTTTTTTTTTTTTTTT
BBBBXXXXXXXXXXXXXXXXXXXXX
ZZNWWWWWLLLLLLLLLLLLLLLLL
PPPPPPPSSMMMMMMMMMMMMMMMM
PPPPPPPSSMMMMMMMMMMMMMMMM
DDDDDDDDDDDDDDDDDDDDDDDDD
KKKKKKKKKKIIIIIIIIIIIIIII
QQQQQQQQQOOOOOOOOOOOOOOOO
FFFFFFFFJJJJJJJJJJJJJJJJJ
GGGGGGUUUUUUUUUUUUUUUUUUU
AAAAAAAAAAAAAAAAAAAAAAAAA
AAAAAAAAAAAAAAAAAAAAAAAAA
AAAAAAAAAAAAAAAAAAAAAAAAA
VVVVVVVVVVVVVVVVVVVVVVVVV
VVVVVVVVVVVVVVVVVVVVVVVVV
VVVVVVVVVVVVVVVVVVVVVVVVV
VVVVVVVVVVVVVVVVVVVVVVVVV
VVVVVVVVVVVVVVVVVVVVVVVVV
VVVVVVVVVVVVVVVVVVVVVVVVV
VVVVVVVVVVVVVVVVVVVVVVVVV
Case #42:
AAAAAAAAAAAAAAAAAAAAAAAAA
AAAAAAAAAAAAAAAAAAAAAAAAA
AAAAAAAAAAAAAAAAAAAAAAAAA
AAAAAAAAAAAAAAAAAAAAAAAAA
AAAAAAAAAAAAAAAAAAAAAAAAA
AAAAAAAAAAAAAAAAAAAAAAAAA
AAAAAAAAAAAAAAAAAAAAAAAAA
AAAAAAAAAAAAAAAAAAAAAAAAA
AAAAAAAAAAAAAAAAAAAAAAAAA
AAAAAAAAAAAAAAAAAAAAAAAAA
AAAAAAAAAAAAAAAAAAAAAAAAA
AAAAAAAAAAAAAAAAAAAAAAAAA
AAAAAAAAAAAAAAAAAAAAAAAAA
AAAAAAAAAAAAAAAAAAAAAAAAA
AAAAAAAAAAAAAAAAAAAAAAAAA
AAAAAAAAAAAAAAAAAAAAAAAAA
AAAAAAAAAAAAAAAAAAAAAAAAA
AAAAAAAAAAAAAAAAAAAAAAAAA
AAAAAAAAAAAAAAAAAAAAAAAAA
AAAAAAAAAAAAAAAAAAAAAAAAA
AAAAAAAAAAAAAAAAAAAAAAAAA
AAAAAAAAAAAAAAAAAAAAAAAAA
AAAAAAAAAAAAAAAAAAAAAAAAA
AAAAAAAAAAAAAAAAAAAAAAAAA
AAAAAAAAAAAAAAAAAAAAAAAAA
Case #43:
CCCCC
CCCCC
AAAAA
BBBBB
BBBBB
Case #44:
AAAAAAAAAAAAAAAAAAAAAAAAA
AAAAAAAAAAAAAAAAAAAAAAAAA
AAAAAAAAAAAAAAAAAAAAAAAAA
AAAAAAAAAAAAAAAAAAAAAAAAA
AAAAAAAAAAAAAAAAAAAAAAAAA
AAAAAAAAAAAAAAAAAAAAAAAAA
AAAAAAAAAAAAAAAAAAAAAAAAA
AAAAAAAAAAAAAAAAAAAAAAAAA
AAAAAAAAAAAAAAAAAAAAAAAAA
AAAAAAAAAAAAAAAAAAAAAAAAA
JJUUUUUUUUUUUUUUUUUUUUUUU
TTTTTTTTTTTTTTTTTTTTTTTTT
CCEFFFFFFFFFFFFFFFFFFFFFF
QQQGGGGGGGGGGGGGGGGGGGGGG
LLLZZPPPPPPPPPPPPPPPPPPPP
DDNBMYRRRRRRRRRRRRRRRRRRR
IIIIXXXXXXXXXXXXXXXXXXXXX
KKKVVVVVVVVVVVVVVVVVVVVVV
SOWHHHHHHHHHHHHHHHHHHHHHH
SOWHHHHHHHHHHHHHHHHHHHHHH
SOWHHHHHHHHHHHHHHHHHHHHHH
SOWHHHHHHHHHHHHHHHHHHHHHH
SOWHHHHHHHHHHHHHHHHHHHHHH
SOWHHHHHHHHHHHHHHHHHHHHHH
SOWHHHHHHHHHHHHHHHHHHHHHH
Case #45:
ACCCCCCCCCCCCCCCCCCCCCCCC
ACCCCCCCCCCCCCCCCCCCCCCCC
ACCCCCCCCCCCCCCCCCCCCCCCC
ACCCCCCCCCCCCCCCCCCCCCCCC
ACCCCCCCCCCCCCCCCCCCCCCCC
EEEEEEEEEEEEEEEEEEEEEEEEE
EEEEEEEEEEEEEEEEEEEEEEEEE
EEEEEEEEEEEEEEEEEEEEEEEEE
EEEEEEEEEEEEEEEEEEEEEEEEE
BBDDDDDDDDDDDDDDDDDDDDDDD
BBDDDDDDDDDDDDDDDDDDDDDDD
BBDDDDDDDDDDDDDDDDDDDDDDD
BBDDDDDDDDDDDDDDDDDDDDDDD
BBDDDDDDDDDDDDDDDDDDDDDDD
BBDDDDDDDDDDDDDDDDDDDDDDD
BBDDDDDDDDDDDDDDDDDDDDDDD
BBDDDDDDDDDDDDDDDDDDDDDDD
BBDDDDDDDDDDDDDDDDDDDDDDD
BBDDDDDDDDDDDDDDDDDDDDDDD
BBDDDDDDDDDDDDDDDDDDDDDDD
BBDDDDDDDDDDDDDDDDDDDDDDD
BBDDDDDDDDDDDDDDDDDDDDDDD
BBDDDDDDDDDDDDDDDDDDDDDDD
BBDDDDDDDDDDDDDDDDDDDDDDD
BBDDDDDDDDDDDDDDDDDDDDDDD
Case #46:
EEEEEEEEEEEEEEEEEEEBBBBBB
EEEEEEEEEEEEEEEEEEEBBBBBB
EEEEEEEEEEEEEEEEEEEBBBBBB
EEEEEEEEEEEEEEEEEEEBBBBBB
EEEEEEEEEEEEEEEEEEEBBBBBB
LLLLLLLLLLLLLLLLLLLLLLLLL
FFFFFFFFFFFFFFFFFFFFFFFFF
DDDDDDDDDDDDDDDDDDDDDDDDD
MMMMMMMMMMMMMMMMMMMMMMMMM
GGGGGGGGGGGGGGGGGGGGGGGGG
HHHHHHHHHHHHHHHHHHHHHHHHH
VVVVVVVVVVVVTTTTTTTTTTTTT
SSSSSSSSSSSSSSSSSSSSSSSSS
KKKKKKKKKKKKKKKKKKKKKKKKK
OOOOOOOOOOOOOOOOOOOOOOOOO
UUUUUUUUUUCCCCCCCCCCCCCCC
ZZZZZZZZZZZZZZNNNNNNNNNNN
AAAAAAAAAAAAAAAAAAAAAAAAA
IIIIIIIIIIIIIIIIIIIWWWRRR
QQQQQQQQQQQQQQQQQQQQQQQQQ
XXXXXXXXXXXXXXXXXXXXXXXXX
PPPPPPPPPPPPPPPPPPPPPPPPP
YYYYYYYYYYYYYYYYYYYYYYYYY
YYYYYYYYYYYYYYYYYYYYYYYYY
JJJJJJJJJJJJJJJJJJJJJJJJJ
Case #47:
ZZZZZZZZZZZZZZZZZZZZZZZZZ
ZZZZZZZZZZZZZZZZZZZZZZZZZ
ZZZZZZZZZZZZZZZZZZZZZZZZZ
NNNNNNNNNNNNNVVVVVVVVVVVV
XXXXXXXXXXXXXXXXXXXXDTTTT
XXXXXXXXXXXXXXXXXXXXDTTTT
HHHHHHHHHHHHHHHHHHHHHHHHH
HHHHHHHHHHHHHHHHHHHHHHHHH
IIIIIIIIIIIIIIIIIIIIIIIII
LLLLLLLLLLLLLLLLLLLLLLLLL
YYYYYYYYYYYYYYYYYYYYYYYYY
YYYYYYYYYYYYYYYYYYYYYYYYY
YYYYYYYYYYYYYYYYYYYYYYYYY
UUUUUUUUUUUUUUUFFFFFFFFFF
OOOOOOOOOOOOOOOPPMMMJJJGG
KKKKKKKKKKKKKKKKKKKKKKAAA
CCCCCCCCCCCCCCCCCCCCCCCCC
BBBBBBBBBBBBBBBBBBBBBBBBB
BBBBBBBBBBBBBBBBBBBBBBBBB
SSSSSSSSSSSSSSSSSSSSSSWWW
SSSSSSSSSSSSSSSSSSSSSSWWW
SSSSSSSSSSSSSSSSSSSSSSWWW
RRRRRRRRRRRRRRRRRRRRRRRRR
QQQQQQQQQQQQQQQQQQQQQQQQQ
EEEEEEEEEEEEEEEEEEEEEEEEE
Case #48:
BBBB
BBBB
BBBB
AAAA
Case #49:
HHHHHHHHHHHHHHHHHHHHHHHHH
HHHHHHHHHHHHHHHHHHHHHHHHH
WWWWWWWWWWWWWWWWWWWWWWWWW
EEEEEEEEEEEEEEEEEEEEEEEEE
EEEEEEEEEEEEEEEEEEEEEEEEE
YYYYYYYYYVVVVVVVVVVVVVVVV
JJJJJJJJJJJJJJJJJJJJJJJJJ
SSSSSSSSSSSSSSSSSSSSSSSSS
MMLLLLLLLLLLLLLLLLLLLRKKK
XXXXXXXXXXXXXXXXXXXXXXXXX
XXXXXXXXXXXXXXXXXXXXXXXXX
TTTTTTTTTTTTTTTTTTTTTTTTT
TTTTTTTTTTTTTTTTTTTTTTTTT
GGGGGGGGGGGGGGGGGGGGOOOOO
GGGGGGGGGGGGGGGGGGGGOOOOO
FFFFFFFFFFFFFFFFFFFFFFFFF
QQQQQQQQQQQQQQQQQQQQQQQQQ
IIIIIIIIIIIIIIIIIIIIIIIII
IIIIIIIIIIIIIIIIIIIIIIIII
IIIIIIIIIIIIIIIIIIIIIIIII
IIIIIIIIIIIIIIIIIIIIIIIII
CCCCCCCCCCCCDDDDDDDDDDDDD
CCCCCCCCCCCCDDDDDDDDDDDDD
BBBBBBBBZZNPPPPPPPPAAAAAA
UUUUUUUUUUUUUUUUUUUUUUUUU
Case #50:
RRRRRRRRRRRRRRRRRRRRRRRRR
RRRRRRRRRRRRRRRRRRRRRRRRR
RRRRRRRRRRRRRRRRRRRRRRRRR
RRRRRRRRRRRRRRRRRRRRRRRRR
RRRRRRRRRRRRRRRRRRRRRRRRR
RRRRRRRRRRRRRRRRRRRRRRRRR
RRRRRRRRRRRRRRRRRRRRRRRRR
RRRRRRRRRRRRRRRRRRRRRRRRR
RRRRRRRRRRRRRRRRRRRRRRRRR
RRRRRRRRRRRRRRRRRRRRRRRRR
RRRRRRRRRRRRRRRRRRRRRRRRR
RRRRRRRRRRRRRRRRRRRRRRRRR
VVVVVVVVVVVVVVVVVVVVVVVVV
VVVVVVVVVVVVVVVVVVVVVVVVV
XXXXXXXXXXXXXXXXXXXXXXXXX
SSSSSSSSSSSSSSSSSSSSSSSSS
AAAAKKKKKKKKKKKKKKKKKKKKK
LLLPMMMYYYYYYYYYYYYYYYYYY
JJJJJJJJJJJJJJJJJJJJJJJJJ
DDDDDZFFFFFFFFFFFFFFFFFFF
IIIIIIIIIIIIIIIIIIIIIIIII
IIIIIIIIIIIIIIIIIIIIIIIII
BBBBTTTTNEEEEEEEEEEEEEEEE
UUWWCCQQQQQQQQQQQQQQQQQQQ
GGGGOOOOOHHHHHHHHHHHHHHHH
Case #51:
JGBKEDDIICFLLHHMMMMAAAAAA
Case #52:
AAAAAAAAAAAAAAAAAAAAAAAAA
BBBBBBBBBBBBBBBBBBBBBBBBB
CCCCCCCCCCCCCCCCCCCCCCCCC
DDDDDDDDDDDDDDDDDDDDDDDDD
EEEEEEEEEEEEEEEEEEEEEEEEE
FFFFFFFFFFFFFFFFFFFFFFFFF
GGGGGGGGGGGGGGGGGGGGGGGGG
HHHHHHHHHHHHHHHHHHHHHHHHH
IIIIIIIIIIIIIIIIIIIIIIIII
JJJJJJJJJJJJJJJJJJJJJJJJJ
KKKKKKKKKKKKKKKKKKKKKKKKK
LLLLLLLLLLLLLLLLLLLLLLLLL
MMMMMMMMMMMMMMMMMMMMMMMMM
NNNNNNNNNNNNNNNNNNNNNNNNN
OOOOOOOOOOOOOOOOOOOOOOOOO
PPPPPPPPPPPPPPPPPPPPPPPPP
QQQQQQQQQQQQQQQQQQQQQQQQQ
RRRRRRRRRRRRRRRRRRRRRRRRR
SSSSSSSSSSSSSSSSSSSSSSSSS
TTTTTTTTTTTTTTTTTTTTTTTTT
UUUUUUUUUUUUUUUUUUUUUUUUU
VVVVVVVVVVVVVVVVVVVVVVVVV
WWWWWWWWWWWWWWWWWWWWWWWWW
XXXXXXXXXXXXXXXXXXXXXXXXX
YYYYYYYYYYYYYYYYYYYYYYYYY
Case #53:
KKKKKKKKKKKKKKKKKKKKKKKKK
KKKKKKKKKKKKKKKKKKKKKKKKK
KKKKKKKKKKKKKKKKKKKKKKKKK
KKKKKKKKKKKKKKKKKKKKKKKKK
KKKKKKKKKKKKKKKKKKKKKKKKK
KKKKKKKKKKKKKKKKKKKKKKKKK
KKKKKKKKKKKKKKKKKKKKKKKKK
KKKKKKKKKKKKKKKKKKKKKKKKK
KKKKKKKKKKKKKKKKKKKKKKKKK
KKKKKKKKKKKKKKKKKKKKKKKKK
KKKKKKKKKKKKKKKKKKKKKKKKK
KKKKKKKKKKKKKKKKKKKKKKKKK
KKKKKKKKKKKKKKKKKKKKKKKKK
GGGGGGGGGGGGGGGGGGGGGGGGG
OOOLLLLLLLLLLLLLLLLLLLLLL
OOOLLLLLLLLLLLLLLLLLLLLLL
HHHHHHHHHHWWWWWWWWWWWWWWW
QQQQQNNNNNNCCCCCCCCCCCCCC
SSSSSSSSIPFFFFFFFFFFFFFFF
AAAUUUUBBBBBBBBBBBBBBBBBB
VVXZZZZEEEEEEEEEEEEEEEEEE
MMMRRRRRRRRRRRRRRRRRRRRRR
YYYYYDDDDDDDDDDDDDDDDDDDD
JJJJJTTTTTTTTTTTTTTTTTTTT
JJJJJTTTTTTTTTTTTTTTTTTTT
Case #54:
OOOOOOOOOOOOOOOOOOOOOOOOO
OOOOOOOOOOOOOOOOOOOOOOOOO
BBBBBBBBBBBBBBBBBBBBBBNNC
IIIIIRRRRRRRRRRRRRRRRRRRG
QQQQQQQQQQQQQQQQXXXXXXXXX
SSSSSSSSSSSSSHHHHHHHHHHHH
SSSSSSSSSSSSSHHHHHHHHHHHH
UUUUUUUUUUUUUUUUUUUUUUUUU
UUUUUUUUUUUUUUUUUUUUUUUUU
UUUUUUUUUUUUUUUUUUUUUUUUU
EEEEEEEEEEEEEEEEEEEEEEEEE
EEEEEEEEEEEEEEEEEEEEEEEEE
PPPPPPDDDDDDDDDDFFFFFFFFF
JJJJJJJJJJJJJJJJJJJJJJJJJ
JJJJJJJJJJJJJJJJJJJJJJJJJ
AAAAAAAAAAAAAAAAAAAAAAAAA
TTTTTTTTTTTTTTTTTTTTTTTTT
VVVVVVVVVVVVVVVVVVVVVVVVV
VVVVVVVVVVVVVVVVVVVVVVVVV
WWWWWWWWWWWWWWWWWWWWWWWWW
ZZZZZZZZZZZZZZZZZZZZZZZZZ
YYYYYYYYYYYYYYYYYYKKKKKKK
LLLLLLLLLLLLLLLLLLLLLLLLL
MMMMMMMMMMMMMMMMMMMMMMMMM
MMMMMMMMMMMMMMMMMMMMMMMMM
Case #55:
AAAAAAAAAAAAAAAAAAAAAAAAB
AAAAAAAAAAAAAAAAAAAAAAAAB
AAAAAAAAAAAAAAAAAAAAAAAAB
AAAAAAAAAAAAAAAAAAAAAAAAB
AAAAAAAAAAAAAAAAAAAAAAAAB
AAAAAAAAAAAAAAAAAAAAAAAAB
AAAAAAAAAAAAAAAAAAAAAAAAB
AAAAAAAAAAAAAAAAAAAAAAAAB
AAAAAAAAAAAAAAAAAAAAAAAAB
AAAAAAAAAAAAAAAAAAAAAAAAB
CCCCCCCCCCCCCCCCCCCCCCCCC
DDDDDDDDDDDDDDDDDDDDDDDDD
EEEEEEEEEEEEEEEEEEEEEEEEE
EEEEEEEEEEEEEEEEEEEEEEEEE
EEEEEEEEEEEEEEEEEEEEEEEEE
EEEEEEEEEEEEEEEEEEEEEEEEE
EEEEEEEEEEEEEEEEEEEEEEEEE
EEEEEEEEEEEEEEEEEEEEEEEEE
EEEEEEEEEEEEEEEEEEEEEEEEE
EEEEEEEEEEEEEEEEEEEEEEEEE
EEEEEEEEEEEEEEEEEEEEEEEEE
EEEEEEEEEEEEEEEEEEEEEEEEE
EEEEEEEEEEEEEEEEEEEEEEEEE
EEEEEEEEEEEEEEEEEEEEEEEEE
EEEEEEEEEEEEEEEEEEEEEEEEE
Case #56:
FFFFFFFFFFFFFFFFFFFFFFFFX
FFFFFFFFFFFFFFFFFFFFFFFFX
FFFFFFFFFFFFFFFFFFFFFFFFX
AAAAAAAAAAAAAAAAAAAAAAAAA
BBBBBBBBBBBBBBBBBBBBBBBTS
RRRRRRRRRRRRRRRRRRRRRVZQQ
NNNNNNNNNNNNNNNNNNNCCCCCC
MMMMMMMMMMMMMMMMMMMMMMMMO
YYYYYYYYYYYYYYYYYYYYKKEEP
WWWWWWWWWWWWWWWWWWWWWWJJJ
UUUUUUUUUUUUUUUUUUUUUUUUD
HHHHHHHHHHHHHHHHHHHHHHHHL
GGGGGGGGGGGGGGGGGGGGGGGGG
GGGGGGGGGGGGGGGGGGGGGGGGG
IIIIIIIIIIIIIIIIIIIIIIIII
IIIIIIIIIIIIIIIIIIIIIIIII
IIIIIIIIIIIIIIIIIIIIIIIII
IIIIIIIIIIIIIIIIIIIIIIIII
IIIIIIIIIIIIIIIIIIIIIIIII
IIIIIIIIIIIIIIIIIIIIIIIII
IIIIIIIIIIIIIIIIIIIIIIIII
IIIIIIIIIIIIIIIIIIIIIIIII
IIIIIIIIIIIIIIIIIIIIIIIII
IIIIIIIIIIIIIIIIIIIIIIIII
IIIIIIIIIIIIIIIIIIIIIIIII
Case #57:
AAA
AAA
AAA
AAA
AAA
Case #58:
ABCDEFGHIJKLMNOPQRSTUVWXY
ABCDEFGHIJKLMNOPQRSTUVWXY
ABCDEFGHIJKLMNOPQRSTUVWXY
ABCDEFGHIJKLMNOPQRSTUVWXY
ABCDEFGHIJKLMNOPQRSTUVWXY
ABCDEFGHIJKLMNOPQRSTUVWXY
ABCDEFGHIJKLMNOPQRSTUVWXY
ABCDEFGHIJKLMNOPQRSTUVWXY
ABCDEFGHIJKLMNOPQRSTUVWXY
ABCDEFGHIJKLMNOPQRSTUVWXY
ABCDEFGHIJKLMNOPQRSTUVWXY
ABCDEFGHIJKLMNOPQRSTUVWXY
ABCDEFGHIJKLMNOPQRSTUVWXY
ABCDEFGHIJKLMNOPQRSTUVWXY
ABCDEFGHIJKLMNOPQRSTUVWXY
ABCDEFGHIJKLMNOPQRSTUVWXY
ABCDEFGHIJKLMNOPQRSTUVWXY
ABCDEFGHIJKLMNOPQRSTUVWXY
ABCDEFGHIJKLMNOPQRSTUVWXY
ABCDEFGHIJKLMNOPQRSTUVWXY
ABCDEFGHIJKLMNOPQRSTUVWXY
ABCDEFGHIJKLMNOPQRSTUVWXY
ABCDEFGHIJKLMNOPQRSTUVWXY
ABCDEFGHIJKLMNOPQRSTUVWXY
ABCDEFGHIJKLMNOPQRSTUVWXY
Case #59:
JJJJJJJJJJJJJJJJJJJJJJJJJ
JJJJJJJJJJJJJJJJJJJJJJJJJ
MMMMMMMMMMMMMMXXXXXXXXXXX
WWWWWWWWWWWWWWWWWWWWWWWWW
WWWWWWWWWWWWWWWWWWWWWWWWW
WWWWWWWWWWWWWWWWWWWWWWWWW
KKKKKKKKKKKKKKKKKKKKKKKKK
VVVVVVVVVVVVVVVVVVVVVVVVV
VVVVVVVVVVVVVVVVVVVVVVVVV
HHHHHHHHHHHHHHHHHHHHHHZZZ
NNNNNNNNNNNNUUUUUUUUPPPPP
QQQQQQQQQQQQQQQQQQQQQQQQQ
QQQQQQQQQQQQQQQQQQQQQQQQQ
QQQQQQQQQQQQQQQQQQQQQQQQQ
TTTTTTTTTTTTTTTTTTTTTTTTT
OOOOOOOOOOOOOOOOOOOOOOOOO
OOOOOOOOOOOOOOOOOOOOOOOOO
EEEEEEEEEEEEEEEEEEEEEEFFF
AAAAAAAAAAAAAAAARRRRRRRRR
LLLLLLLLLLLLLLLLLLLLLLLLL
LLLLLLLLLLLLLLLLLLLLLLLLL
BBBBBBBBBBBBBBBBBBSSSSSSS
IIIIIIIIIIIIIIIIIIIYYYYYY
GGGGGGGGGGGGGGGGCCCCCCCCC
DDDDDDDDDDDDDDDDDDDDDDDDD
Case #60:
AAAAAAAAAAAACCCCCCCCCCCCC
AAAAAAAAAAAACCCCCCCCCCCCC
AAAAAAAAAAAACCCCCCCCCCCCC
AAAAAAAAAAAACCCCCCCCCCCCC
AAAAAAAAAAAACCCCCCCCCCCCC
AAAAAAAAAAAACCCCCCCCCCCCC
AAAAAAAAAAAACCCCCCCCCCCCC
EEEEEEEEEEEEEEEEEEEEEEEEE
EEEEEEEEEEEEEEEEEEEEEEEEE
EEEEEEEEEEEEEEEEEEEEEEEEE
EEEEEEEEEEEEEEEEEEEEEEEEE
BBBBBBBBBBBBBDDDDDDDDDDDD
BBBBBBBBBBBBBDDDDDDDDDDDD
BBBBBBBBBBBBBDDDDDDDDDDDD
BBBBBBBBBBBBBDDDDDDDDDDDD
BBBBBBBBBBBBBDDDDDDDDDDDD
BBBBBBBBBBBBBDDDDDDDDDDDD
BBBBBBBBBBBBBDDDDDDDDDDDD
BBBBBBBBBBBBBDDDDDDDDDDDD
BBBBBBBBBBBBBDDDDDDDDDDDD
BBBBBBBBBBBBBDDDDDDDDDDDD
BBBBBBBBBBBBBDDDDDDDDDDDD
BBBBBBBBBBBBBDDDDDDDDDDDD
BBBBBBBBBBBBBDDDDDDDDDDDD
BBBBBBBBBBBBBDDDDDDDDDDDD
Case #61:
AAAA
AAAA
BBBB
Case #62:
GGGGGGGGGGGGGGOOOOOOOOOOO
GGGGGGGGGGGGGGOOOOOOOOOOO
GGGGGGGGGGGGGGOOOOOOOOOOO
GGGGGGGGGGGGGGOOOOOOOOOOO
GGGGGGGGGGGGGGOOOOOOOOOOO
GGGGGGGGGGGGGGOOOOOOOOOOO
GGGGGGGGGGGGGGOOOOOOOOOOO
GGGGGGGGGGGGGGOOOOOOOOOOO
GGGGGGGGGGGGGGOOOOOOOOOOO
GGGGGGGGGGGGGGOOOOOOOOOOO
GGGGGGGGGGGGGGOOOOOOOOOOO
MMMMMMMMMMMMMMMMMMMMMMMMM
MMMMMMMMMMMMMMMMMMMMMMMMM
JJJJJJJJJJJJJJFFFFFFFFFFF
LLLLLLLLLLLUYYYYYXXXXXXXX
SSSSSSSSSSPPPPPPPPPPPPPPP
QQQQQQQQQQQQHHHHHHVVVEEEE
ZZZZZZZZZZZZZBBKWCDDDDDDD
AAAAAAAAAAAAAAAAAAAAAAAAA
NNNNNNNNNNNNNNNNTRRRRRRRR
NNNNNNNNNNNNNNNNTRRRRRRRR
IIIIIIIIIIIIIIIIIIIIIIIII
IIIIIIIIIIIIIIIIIIIIIIIII
IIIIIIIIIIIIIIIIIIIIIIIII
IIIIIIIIIIIIIIIIIIIIIIIII
Case #63:
ZZZZZZZZZZZZZZZZZZZZZZZMM
ZZZZZZZZZZZZZZZZZZZZZZZMM
ZZZZZZZZZZZZZZZZZZZZZZZMM
QQQQQQQQQQQQQQQQQQQQQQQQQ
DDDDDDDDDDDDDDDDDDDDDUUUU
DDDDDDDDDDDDDDDDDDDDDUUUU
KKKKKKKKKKKKKKKKKKKKKKKKK
KKKKKKKKKKKKKKKKKKKKKKKKK
HHHHHHHHHHHHHHHHHHHHHHHHH
GGGGGGGGGGGGGGGGGGGGGGGGG
RRRRRRRRRRRRRRRRRRROOOOOO
RRRRRRRRRRRRRRRRRRROOOOOO
PPPPPPPPPPTTJJJJJJJJXXXXX
PPPPPPPPPPTTJJJJJJJJXXXXX
SSSSSSSSSSCCCCCCCCCCVVVVV
NNNNNNNNNNNNNNNNNNNNNNNNN
IIIIIIIIIIIIIIIIIIIIIIIII
BBBBBBBBBBBBBBBBBBBBBBBBB
AAAAAAAAAAAAAAAAAAAAAAEEE
YYYYYYYYYYYYYYYYYYYYYYYYY
YYYYYYYYYYYYYYYYYYYYYYYYY
LLLLLLLLLLLLLLLLLLLLLLLLL
FFFFFFFFFFFFFFFFFFFFFFFFF
FFFFFFFFFFFFFFFFFFFFFFFFF
WWWWWWWWWWWWWWWWWWWWWWWWW
Case #64:
HHHHHHHHHHHHHHHHHHHHHHHHH
IIIIIIIIIIIIIIIIIIIIIIAAA
EEEEEEEEEEEEEEEEEEEEEEEEE
BBBBBBBBBBBBBBBBBBBBBBBBB
BBBBBBBBBBBBBBBBBBBBBBBBB
KKKKKKKKKKTTTTTTTTTTTTTTT
MMMMMMMMMMMMMMMMMMMMMMMMM
MMMMMMMMMMMMMMMMMMMMMMMMM
DDDDDDDDDDDDDDDDDDDDDDDDD
ZZZZZZZZZZZZZZZZZZZZVVVVV
WWWWWWWWWWWWWWWWWFFFFFFFF
WWWWWWWWWWWWWWWWWFFFFFFFF
WWWWWWWWWWWWWWWWWFFFFFFFF
YYYYYYYYYYYYYYPPPPPPPPPPP
GGGGGNNLLLLLLLLLLLLLQQQQQ
GGGGGNNLLLLLLLLLLLLLQQQQQ
GGGGGNNLLLLLLLLLLLLLQQQQQ
CCCCCCCCCCCCCCCCCCCCCCCXX
CCCCCCCCCCCCCCCCCCCCCCCXX
OOOOOOOOOOOOOOOOOOOOOOOOO
OOOOOOOOOOOOOOOOOOOOOOOOO
SSSSSSSSSSSSSSSSSSSSSSSSS
SSSSSSSSSSSSSSSSSSSSSSSSS
RRRRRRRRRRRRRRRRRRRRRRRRR
UUUUUUUUUUUUUUUUUJJJJJJJJ
Case #65:
AAAAAAAAAAAAAAAAAAAAAAAAA
BBBBBBBBBBBBBBBBBBBBBBBBB
CCCCCCCCCCCCCCCCCCCCCCCCC
DDDDDDDDDDDDDDDDDDDDDDDDD
EEEEEEEEEEEEEEEEEEEEEEEEE
FFFFFFFFFFFFFFFFFFFFFFFFF
GGGGGGGGGGGGGGGGGGGGGGGGG
HHHHHHHHHHHHHHHHHHHHHHHHH
IIIIIIIIIIIIIIIIIIIIIIIII
JJJJJJJJJJJJJJJJJJJJJJJJJ
KKKKKKKKKKKKKKKKKKKKKKKKK
LLLLLLLLLLLLLLLLLLLLLLLLL
MMMMMMMMMMMMMMMMMMMMMMMMM
NNNNNNNNNNNNNNNNNNNNNNNNN
OOOOOOOOOOOOOOOOOOOOOOOOO
PPPPPPPPPPPPPPPPPPPPPPPPP
QQQQQQQQQQQQQQQQQQQQQQQQQ
RRRRRRRRRRRRRRRRRRRRRRRRR
SSSSSSSSSSSSSSSSSSSSSSSSS
TTTTTTTTTTTTTTTTTTTTTTTTT
UUUUUUUUUUUUUUUUUUUUUUUUU
VVVVVVVVVVVVVVVVVVVVVVVVV
WWWWWWWWWWWWWWWWWWWWWWWWW
XXXXXXXXXXXXXXXXXXXXXXXXX
YYYYYYYYYYYYYYYYYYYYYYYYY
Case #66:
AAAAAAAAAAAAAAAAAAAAAALLL
QQQQQQQQQQQQQQQQQQQQQQKKK
VVVVVVVVVVVVVVVVVVVVVSSSN
MMMMMMMMMMMMMMMMMMMMBZZZZ
IIIIIIIIIIIIIIIIIIIIIIIII
HHHHHHHHHHHHHHHHHFFFFFFFF
YYYYYYYYYYYYYYYYYYYYYYYYO
EEEEEEEEEEEEEEEEEEEEEEETJ
XXXXXXXXXXXXXXXXXXXXXDDDD
UUUUUUUUUUUUUUUUUUUUUUUUU
PPPPPPPPPPPPPPPPPPPPPPPPP
PPPPPPPPPPPPPPPPPPPPPPPPP
RRRRRRRRRRRRRRRRRRRRRRRWW
GGGGGGGGGGGGGGGGGGGGGGGCC
GGGGGGGGGGGGGGGGGGGGGGGCC
GGGGGGGGGGGGGGGGGGGGGGGCC
GGGGGGGGGGGGGGGGGGGGGGGCC
GGGGGGGGGGGGGGGGGGGGGGGCC
GGGGGGGGGGGGGGGGGGGGGGGCC
GGGGGGGGGGGGGGGGGGGGGGGCC
GGGGGGGGGGGGGGGGGGGGGGGCC
GGGGGGGGGGGGGGGGGGGGGGGCC
GGGGGGGGGGGGGGGGGGGGGGGCC
GGGGGGGGGGGGGGGGGGGGGGGCC
GGGGGGGGGGGGGGGGGGGGGGGCC
Case #67:
ABCDEFGHIJKLMNOPQRSTUVWXY
ABCDEFGHIJKLMNOPQRSTUVWXY
ABCDEFGHIJKLMNOPQRSTUVWXY
ABCDEFGHIJKLMNOPQRSTUVWXY
ABCDEFGHIJKLMNOPQRSTUVWXY
ABCDEFGHIJKLMNOPQRSTUVWXY
ABCDEFGHIJKLMNOPQRSTUVWXY
ABCDEFGHIJKLMNOPQRSTUVWXY
ABCDEFGHIJKLMNOPQRSTUVWXY
ABCDEFGHIJKLMNOPQRSTUVWXY
ABCDEFGHIJKLMNOPQRSTUVWXY
ABCDEFGHIJKLMNOPQRSTUVWXY
ABCDEFGHIJKLMNOPQRSTUVWXY
ABCDEFGHIJKLMNOPQRSTUVWXY
ABCDEFGHIJKLMNOPQRSTUVWXY
ABCDEFGHIJKLMNOPQRSTUVWXY
ABCDEFGHIJKLMNOPQRSTUVWXY
ABCDEFGHIJKLMNOPQRSTUVWXY
ABCDEFGHIJKLMNOPQRSTUVWXY
ABCDEFGHIJKLMNOPQRSTUVWXY
ABCDEFGHIJKLMNOPQRSTUVWXY
ABCDEFGHIJKLMNOPQRSTUVWXY
ABCDEFGHIJKLMNOPQRSTUVWXY
ABCDEFGHIJKLMNOPQRSTUVWXY
ABCDEFGHIJKLMNOPQRSTUVWXY
Case #68:
EEEEEEEEEEEEEEEEEEEEEEEEE
EEEEEEEEEEEEEEEEEEEEEEEEE
EEEEEEEEEEEEEEEEEEEEEEEEE
EEEEEEEEEEEEEEEEEEEEEEEEE
EEEEEEEEEEEEEEEEEEEEEEEEE
EEEEEEEEEEEEEEEEEEEEEEEEE
EEEEEEEEEEEEEEEEEEEEEEEEE
EEEEEEEEEEEEEEEEEEEEEEEEE
EEEEEEEEEEEEEEEEEEEEEEEEE
EEEEEEEEEEEEEEEEEEEEEEEEE
EEEEEEEEEEEEEEEEEEEEEEEEE
EEEEEEEEEEEEEEEEEEEEEEEEE
EEEEEEEEEEEEEEEEEEEEEEEEE
EEEEEEEEEEEEEEEEEEEEEEEEE
EEEEEEEEEEEEEEEEEEEEEEEEE
EEEEEEEEEEEEEEEEEEEEEEEEE
EEEEEEEEEEEEEEEEEEEEEEEEE
VVVVVVVVVVIIIIIIIIIIIIIII
MMMMMMMMMXXXHHHHHHHHHHHHH
BBBBBBWSSSSSKKKKKKKKKKKKK
NNNNNNQZFFFCCRYYYYYYYYYYY
UUUUUUUJGLAAAAAAAAAAAAAAA
OOOOOOOOOOOOPPPPPPPPPPPPP
DDDDDDDDDDDDDDDDDDDDDDDDD
TTTTTTTTTTTTTTTTTTTTTTTTT
Case #69:
IIIIIIIIIIIIIIIIIIIIIIIII
IIIIIIIIIIIIIIIIIIIIIIIII
IIIIIIIIIIIIIIIIIIIIIIIII
DDDDDDDDDDDDDDDDDDDDDDDDD
OOOOOOOOOOOOOOOOOOOOOOOOO
NNNNNNNNNNNNNNNNNNNNNLLLL
GGGGGGGGGGGGGTTTTTTTTTTTT
HHHHHHHHHHHHHHHHCCCCCCCCC
HHHHHHHHHHHHHHHHCCCCCCCCC
JJJJJJJJJJJJJJJJJJJJJJJUU
JJJJJJJJJJJJJJJJJJJJJJJUU
RRRRRRRRRRRRRRRRRRRRRRRRR
WWWWWWWWWWEEEEEEEEEEEEQQQ
WWWWWWWWWWEEEEEEEEEEEEQQQ
WWWWWWWWWWEEEEEEEEEEEEQQQ
FFFFFFFFFFFFFFFFFFFFFFFFS
VVVVVVVVVVVVVVVVVVVVVVVVV
VVVVVVVVVVVVVVVVVVVVVVVVV
VVVVVVVVVVVVVVVVVVVVVVVVV
VVVVVVVVVVVVVVVVVVVVVVVVV
KKKKKKKKKKKKKKKKKKKPPPXXX
YYYYYYYYYYYYYYYYYYYYYYZZZ
BBBBBBBBBBBBBBBBBBBBBBBBB
MMMMMMMMMMMMMMMMMMMMMMMMM
AAAAAAAAAAAAAAAAAAAAAAAAA
Case #70:
ABCDEFGHIJKLMNOPQRSTUVWXY
ABCDEFGHIJKLMNOPQRSTUVWXY
ABCDEFGHIJKLMNOPQRSTUVWXY
ABCDEFGHIJKLMNOPQRSTUVWXY
ABCDEFGHIJKLMNOPQRSTUVWXY
ABCDEFGHIJKLMNOPQRSTUVWXY
ABCDEFGHIJKLMNOPQRSTUVWXY
ABCDEFGHIJKLMNOPQRSTUVWXY
ABCDEFGHIJKLMNOPQRSTUVWXY
ABCDEFGHIJKLMNOPQRSTUVWXY
ABCDEFGHIJKLMNOPQRSTUVWXY
ABCDEFGHIJKLMNOPQRSTUVWXY
ABCDEFGHIJKLMNOPQRSTUVWXY
ABCDEFGHIJKLMNOPQRSTUVWXY
ABCDEFGHIJKLMNOPQRSTUVWXY
ABCDEFGHIJKLMNOPQRSTUVWXY
ABCDEFGHIJKLMNOPQRSTUVWXY
ABCDEFGHIJKLMNOPQRSTUVWXY
ABCDEFGHIJKLMNOPQRSTUVWXY
ABCDEFGHIJKLMNOPQRSTUVWXY
ABCDEFGHIJKLMNOPQRSTUVWXY
ABCDEFGHIJKLMNOPQRSTUVWXY
ABCDEFGHIJKLMNOPQRSTUVWXY
ABCDEFGHIJKLMNOPQRSTUVWXY
ABCDEFGHIJKLMNOPQRSTUVWXY
Case #71:
AAAAAAAAAAAAAAAAAAAAAAAAA
BBBBBBBBBBBBBBBBBBBBBBBBB
CCCCCCCCCCCCCCCCCCCCCCCCC
DDDDDDDDDDDDDDDDDDDDDDDDD
EEEEEEEEEEEEEEEEEEEEEEEEE
FFFFFFFFFFFFFFFFFFFFFFFFF
GGGGGGGGGGGGGGGGGGGGGGGGG
HHHHHHHHHHHHHHHHHHHHHHHHH
IIIIIIIIIIIIIIIIIIIIIIIII
JJJJJJJJJJJJJJJJJJJJJJJJJ
KKKKKKKKKKKKKKKKKKKKKKKKK
LLLLLLLLLLLLLLLLLLLLLLLLL
MMMMMMMMMMMMMMMMMMMMMMMMM
NNNNNNNNNNNNNNNNNNNNNNNNN
OOOOOOOOOOOOOOOOOOOOOOOOO
PPPPPPPPPPPPPPPPPPPPPPPPP
QQQQQQQQQQQQQQQQQQQQQQQQQ
RRRRRRRRRRRRRRRRRRRRRRRRR
SSSSSSSSSSSSSSSSSSSSSSSSS
TTTTTTTTTTTTTTTTTTTTTTTTT
UUUUUUUUUUUUUUUUUUUUUUUUU
VVVVVVVVVVVVVVVVVVVVVVVVV
WWWWWWWWWWWWWWWWWWWWWWWWW
XXXXXXXXXXXXXXXXXXXXXXXXX
YYYYYYYYYYYYYYYYYYYYYYYYY
Case #72:
GGGGGGGGGGGGGGGGGGGGGGXXX
GGGGGGGGGGGGGGGGGGGGGGXXX
GGGGGGGGGGGGGGGGGGGGGGXXX
GGGGGGGGGGGGGGGGGGGGGGXXX
GGGGGGGGGGGGGGGGGGGGGGXXX
WWWWWWWWJJJJJJJJJJJJJJJJJ
WWWWWWWWJJJJJJJJJJJJJJJJJ
IIIIIIIIIIIIIIIIIIIIIIIII
EEEEEEEEEEEEEEEEEEEEEEETT
LLLLLLLLLLLLLLLLLLLLLLLLL
YYYYYYYYYYYYYYYYBBBBBBBBB
KKKKKKKKKKKKKKKKKKKKKKKKK
CCCCCCCCCCCCCCCCCCCCCCCCC
CCCCCCCCCCCCCCCCCCCCCCCCC
PPPPPPPPPPPPPPPPPPPPPPPPP
QQQQQQQQQQQQQQQQQQQQMMMMN
AAAAAAAAAAAAAAAAAAAAAAAAA
AAAAAAAAAAAAAAAAAAAAAAAAA
RRRRRRRRRRRRRRRRRRRRRRRRR
RRRRRRRRRRRRRRRRRRRRRRRRR
HHHHHHHHHHHHHHHHHHHHHHHHH
DDDDDDDDDDDDDDDDDDDDDDDDD
OOOOOOOOOOOOOOOOOOOOOOOVV
UUUUUUUUUUUUUUUUUUUUUUUSS
ZZZZZZZZZZFFFFFFFFFFFFFFF
Case #73:
AAA
AAA
AAA
AAA
Case #74:
A
A
Case #75:
A
B
Case #76:
GGA
CCE
BDF
Case #77:
F
F
D
D
D
M
M
H
C
G
E
E
B
B
B
B
K
I
I
A
A
J
J
L
L
Case #78:
AAACCCCCCCCCCCCCCCCCCCCCC
AAACCCCCCCCCCCCCCCCCCCCCC
AAACCCCCCCCCCCCCCCCCCCCCC
AAACCCCCCCCCCCCCCCCCCCCCC
AAACCCCCCCCCCCCCCCCCCCCCC
AAACCCCCCCCCCCCCCCCCCCCCC
AAACCCCCCCCCCCCCCCCCCCCCC
AAACCCCCCCCCCCCCCCCCCCCCC
AAACCCCCCCCCCCCCCCCCCCCCC
AAACCCCCCCCCCCCCCCCCCCCCC
AAACCCCCCCCCCCCCCCCCCCCCC
AAACCCCCCCCCCCCCCCCCCCCCC
AAACCCCCCCCCCCCCCCCCCCCCC
AAACCCCCCCCCCCCCCCCCCCCCC
AAACCCCCCCCCCCCCCCCCCCCCC
AAACCCCCCCCCCCCCCCCCCCCCC
AAACCCCCCCCCCCCCCCCCCCCCC
AAACCCCCCCCCCCCCCCCCCCCCC
AAACCCCCCCCCCCCCCCCCCCCCC
EEEEEEEEEEEEEEEEEEEEEEEEE
EEEEEEEEEEEEEEEEEEEEEEEEE
EEEEEEEEEEEEEEEEEEEEEEEEE
EEEEEEEEEEEEEEEEEEEEEEEEE
BBBBDDDDDDDDDDDDDDDDDDDDD
BBBBDDDDDDDDDDDDDDDDDDDDD
Case #79:
ABCDEFGHIJKLMNOPQRSTUVWXY
ABCDEFGHIJKLMNOPQRSTUVWXY
ABCDEFGHIJKLMNOPQRSTUVWXY
ABCDEFGHIJKLMNOPQRSTUVWXY
ABCDEFGHIJKLMNOPQRSTUVWXY
ABCDEFGHIJKLMNOPQRSTUVWXY
ABCDEFGHIJKLMNOPQRSTUVWXY
ABCDEFGHIJKLMNOPQRSTUVWXY
ABCDEFGHIJKLMNOPQRSTUVWXY
ABCDEFGHIJKLMNOPQRSTUVWXY
ABCDEFGHIJKLMNOPQRSTUVWXY
ABCDEFGHIJKLMNOPQRSTUVWXY
ABCDEFGHIJKLMNOPQRSTUVWXY
ABCDEFGHIJKLMNOPQRSTUVWXY
ABCDEFGHIJKLMNOPQRSTUVWXY
ABCDEFGHIJKLMNOPQRSTUVWXY
ABCDEFGHIJKLMNOPQRSTUVWXY
ABCDEFGHIJKLMNOPQRSTUVWXY
ABCDEFGHIJKLMNOPQRSTUVWXY
ABCDEFGHIJKLMNOPQRSTUVWXY
ABCDEFGHIJKLMNOPQRSTUVWXY
ABCDEFGHIJKLMNOPQRSTUVWXY
ABCDEFGHIJKLMNOPQRSTUVWXY
ABCDEFGHIJKLMNOPQRSTUVWXY
ABCDEFGHIJKLMNOPQRSTUVWXY
Case #80:
AAAAAAAAAAAAAAAAAAAAAAAAA
BBBBBBBBBBBBBBBBBBBBBBBBB
CCCCCCCCCCCCCCCCCCCCCCCCC
DDDDDDDDDDDDDDDDDDDDDDDDD
EEEEEEEEEEEEEEEEEEEEEEEEE
FFFFFFFFFFFFFFFFFFFFFFFFF
GGGGGGGGGGGGGGGGGGGGGGGGG
HHHHHHHHHHHHHHHHHHHHHHHHH
IIIIIIIIIIIIIIIIIIIIIIIII
JJJJJJJJJJJJJJJJJJJJJJJJJ
KKKKKKKKKKKKKKKKKKKKKKKKK
LLLLLLLLLLLLLLLLLLLLLLLLL
MMMMMMMMMMMMMMMMMMMMMMMMM
NNNNNNNNNNNNNNNNNNNNNNNNN
OOOOOOOOOOOOOOOOOOOOOOOOO
PPPPPPPPPPPPPPPPPPPPPPPPP
QQQQQQQQQQQQQQQQQQQQQQQQQ
RRRRRRRRRRRRRRRRRRRRRRRRR
SSSSSSSSSSSSSSSSSSSSSSSSS
TTTTTTTTTTTTTTTTTTTTTTTTT
UUUUUUUUUUUUUUUUUUUUUUUUU
VVVVVVVVVVVVVVVVVVVVVVVVV
WWWWWWWWWWWWWWWWWWWWWWWWW
XXXXXXXXXXXXXXXXXXXXXXXXX
YYYYYYYYYYYYYYYYYYYYYYYYY
Case #81:
AAAAAAAAACCCCCCCCCCCCCCCC
AAAAAAAAACCCCCCCCCCCCCCCC
AAAAAAAAACCCCCCCCCCCCCCCC
AAAAAAAAACCCCCCCCCCCCCCCC
EEEEEEEEEEEEEEEEEEEEEEEEE
EEEEEEEEEEEEEEEEEEEEEEEEE
EEEEEEEEEEEEEEEEEEEEEEEEE
EEEEEEEEEEEEEEEEEEEEEEEEE
BBBBBBBBBBDDDDDDDDDDDDDDD
BBBBBBBBBBDDDDDDDDDDDDDDD
BBBBBBBBBBDDDDDDDDDDDDDDD
BBBBBBBBBBDDDDDDDDDDDDDDD
BBBBBBBBBBDDDDDDDDDDDDDDD
FFFFFFFFFFFFFFFFFFFFGGGGG
HHHHHHHHHHHHHHHHHHHHHHHHH
IIIIIIIIIIIIIIIIIIIIIIIII
JJJJJJJJJJJJJJJJJJJJJJJJJ
JJJJJJJJJJJJJJJJJJJJJJJJJ
JJJJJJJJJJJJJJJJJJJJJJJJJ
JJJJJJJJJJJJJJJJJJJJJJJJJ
JJJJJJJJJJJJJJJJJJJJJJJJJ
JJJJJJJJJJJJJJJJJJJJJJJJJ
JJJJJJJJJJJJJJJJJJJJJJJJJ
JJJJJJJJJJJJJJJJJJJJJJJJJ
JJJJJJJJJJJJJJJJJJJJJJJJJ
Case #82:
VVVVVVVVVVVVVVVVVVVVVVVVV
ZZZZZZZZWWWWWWWWWWWWWWWWW
GGGGGGGGGGGGGGGGGGGGGGGGG
DDDDDDDDDDDDDDDDDDDDDDDDD
MMMMMMMMMMMMMMMMMMMMMMMMM
QQQQQQQQQQQQQQQQQQQQQQQQQ
FFFFFFFFFFFFFFFFFFFFFFFFF
PPKKKKEEEEEEEEEEEEEEEEEEI
TTTTTTTTTTTTTTTTTTTTTTTTT
TTTTTTTTTTTTTTTTTTTTTTTTT
RRRRRRRRRRRRRRRRRRRRRRRRR
RRRRRRRRRRRRRRRRRRRRRRRRR
HHHHHHHHHHHHHHHHHHHHHHHHH
HHHHHHHHHHHHHHHHHHHHHHHHH
HHHHHHHHHHHHHHHHHHHHHHHHH
HHHHHHHHHHHHHHHHHHHHHHHHH
YYYYYYYYYYYYYYYYYYYYYYYYY
SSSSSSSSSSSSSSSSCCCCCCCCC
AAAAAAAAAAAAAAAAAAAAAAAAA
UUUUUUUUUUUUUUUUUUUUUUUUU
JJJJJJJJJJJJJJJJNNNNNNNNX
BBBBBBBBBBBBBBBBBBBOOOOOO
BBBBBBBBBBBBBBBBBBBOOOOOO
LLLLLLLLLLLLLLLLLLLLLLLLL
LLLLLLLLLLLLLLLLLLLLLLLLL
Case #83:
AAAAAACCCCCCCCCCCCCCCCCCC
AAAAAACCCCCCCCCCCCCCCCCCC
AAAAAACCCCCCCCCCCCCCCCCCC
AAAAAACCCCCCCCCCCCCCCCCCC
AAAAAACCCCCCCCCCCCCCCCCCC
AAAAAACCCCCCCCCCCCCCCCCCC
AAAAAACCCCCCCCCCCCCCCCCCC
EEEEEEEEEEEEEEEEEEEEEEEEE
EEEEEEEEEEEEEEEEEEEEEEEEE
EEEEEEEEEEEEEEEEEEEEEEEEE
EEEEEEEEEEEEEEEEEEEEEEEEE
BBBBBBBDDDDDDDDDDDDDDDDDD
BBBBBBBDDDDDDDDDDDDDDDDDD
BBBBBBBDDDDDDDDDDDDDDDDDD
BBBBBBBDDDDDDDDDDDDDDDDDD
BBBBBBBDDDDDDDDDDDDDDDDDD
BBBBBBBDDDDDDDDDDDDDDDDDD
BBBBBBBDDDDDDDDDDDDDDDDDD
BBBBBBBDDDDDDDDDDDDDDDDDD
FFFFFFFFFFFFFFFFFFFFGGGGG
HHHHHHHHHHHHHHHHHHHHHHHHH
IIIIIIIIIIIIIIIIIIIIIIIII
JJJJJJJJJJJJJJJJJJJJJJJJJ
JJJJJJJJJJJJJJJJJJJJJJJJJ
JJJJJJJJJJJJJJJJJJJJJJJJJ
Case #84:
AAAAAAABBBBBBBBBBBBBBBBBB
AAAAAAABBBBBBBBBBBBBBBBBB
AAAAAAABBBBBBBBBBBBBBBBBB
AAAAAAABBBBBBBBBBBBBBBBBB
AAAAAAABBBBBBBBBBBBBBBBBB
CCCCCCCCCCCCCCCCCCCCCCCCC
DDDDDDDDDDDDDDDDDDDDDDDDD
EEEEEEEEEEEEEEEEEEEEEEEEE
EEEEEEEEEEEEEEEEEEEEEEEEE
EEEEEEEEEEEEEEEEEEEEEEEEE
EEEEEEEEEEEEEEEEEEEEEEEEE
EEEEEEEEEEEEEEEEEEEEEEEEE
EEEEEEEEEEEEEEEEEEEEEEEEE
EEEEEEEEEEEEEEEEEEEEEEEEE
FFFFFFFFFFFFFFFFFFFFFHHHH
JJJJJJJJJJJJJJJJJJJJJJJJJ
JJJJJJJJJJJJJJJJJJJJJJJJJ
JJJJJJJJJJJJJJJJJJJJJJJJJ
JJJJJJJJJJJJJJJJJJJJJJJJJ
GGGGGGGGGGGGGGGGGGGGGGIII
GGGGGGGGGGGGGGGGGGGGGGIII
GGGGGGGGGGGGGGGGGGGGGGIII
GGGGGGGGGGGGGGGGGGGGGGIII
GGGGGGGGGGGGGGGGGGGGGGIII
GGGGGGGGGGGGGGGGGGGGGGIII
Case #85:
AAAAAAACCCCCCCCCCCCCCCCCC
AAAAAAACCCCCCCCCCCCCCCCCC
AAAAAAACCCCCCCCCCCCCCCCCC
AAAAAAACCCCCCCCCCCCCCCCCC
AAAAAAACCCCCCCCCCCCCCCCCC
AAAAAAACCCCCCCCCCCCCCCCCC
AAAAAAACCCCCCCCCCCCCCCCCC
AAAAAAACCCCCCCCCCCCCCCCCC
AAAAAAACCCCCCCCCCCCCCCCCC
AAAAAAACCCCCCCCCCCCCCCCCC
AAAAAAACCCCCCCCCCCCCCCCCC
AAAAAAACCCCCCCCCCCCCCCCCC
EEEEEEEEEEEEEEEEEEEEEEEEE
EEEEEEEEEEEEEEEEEEEEEEEEE
EEEEEEEEEEEEEEEEEEEEEEEEE
EEEEEEEEEEEEEEEEEEEEEEEEE
BBBBBBBBDDDDDDDDDDDDDDDDD
BBBBBBBBDDDDDDDDDDDDDDDDD
BBBBBBBBDDDDDDDDDDDDDDDDD
BBBBBBBBDDDDDDDDDDDDDDDDD
BBBBBBBBDDDDDDDDDDDDDDDDD
BBBBBBBBDDDDDDDDDDDDDDDDD
BBBBBBBBDDDDDDDDDDDDDDDDD
BBBBBBBBDDDDDDDDDDDDDDDDD
BBBBBBBBDDDDDDDDDDDDDDDDD
Case #86:
ABCDEFGHIJKLMNOPQRSTUVWXY
ABCDEFGHIJKLMNOPQRSTUVWXY
ABCDEFGHIJKLMNOPQRSTUVWXY
ABCDEFGHIJKLMNOPQRSTUVWXY
ABCDEFGHIJKLMNOPQRSTUVWXY
ABCDEFGHIJKLMNOPQRSTUVWXY
ABCDEFGHIJKLMNOPQRSTUVWXY
ABCDEFGHIJKLMNOPQRSTUVWXY
ABCDEFGHIJKLMNOPQRSTUVWXY
ABCDEFGHIJKLMNOPQRSTUVWXY
ABCDEFGHIJKLMNOPQRSTUVWXY
ABCDEFGHIJKLMNOPQRSTUVWXY
ABCDEFGHIJKLMNOPQRSTUVWXY
ABCDEFGHIJKLMNOPQRSTUVWXY
ABCDEFGHIJKLMNOPQRSTUVWXY
ABCDEFGHIJKLMNOPQRSTUVWXY
ABCDEFGHIJKLMNOPQRSTUVWXY
ABCDEFGHIJKLMNOPQRSTUVWXY
ABCDEFGHIJKLMNOPQRSTUVWXY
ABCDEFGHIJKLMNOPQRSTUVWXY
ABCDEFGHIJKLMNOPQRSTUVWXY
ABCDEFGHIJKLMNOPQRSTUVWXY
ABCDEFGHIJKLMNOPQRSTUVWXY
ABCDEFGHIJKLMNOPQRSTUVWXY
ABCDEFGHIJKLMNOPQRSTUVWXY
Case #87:
BC
DA
Case #88:
AA
Case #89:
TTTTTTTTTTTTTTTTTTTTTTTTT
TTTTTTTTTTTTTTTTTTTTTTTTT
TTTTTTTTTTTTTTTTTTTTTTTTT
TTTTTTTTTTTTTTTTTTTTTTTTT
TTTTTTTTTTTTTTTTTTTTTTTTT
TTTTTTTTTTTTTTTTTTTTTTTTT
TTTTTTTTTTTTTTTTTTTTTTTTT
TTTTTTTTTTTTTTTTTTTTTTTTT
TTTTTTTTTTTTTTTTTTTTTTTTT
TTTTTTTTTTTTTTTTTTTTTTTTT
TTTTTTTTTTTTTTTTTTTTTTTTT
TTTTTTTTTTTTTTTTTTTTTTTTT
TTTTTTTTTTTTTTTTTTTTTTTTT
TTTTTTTTTTTTTTTTTTTTTTTTT
TTTTTTTTTTTTTTTTTTTTTTTTT
TTTTTTTTTTTTTTTTTTTTTTTTT
OOOOOOOOOOOOOOOOOOOOOOOOO
GGGGGGGGGGGFCCCCCCCCCCCCC
ZZZZZZZZZZZZUUUUUUUUUUUUU
KKKKKKKKKKKHHHJJEEEEEEEEE
WWWWWWBBBBBAAAARRRRRRRRRR
YYYYYYYYYYYYYYYYYYYYYYYYY
IIIIISSVVVVVVVVVVVVVVVVVV
LLLLLLLLMQQQQQQQXXXXXXXXX
PPPPPPPPDNNNNNNNNNNNNNNNN
Case #90:
ZZZZZZZZZZZZZZZZZZZZZZZZZ
KKKKKKKKKKKKKKKKKKKKKKKKK
DDDDDDDDDDDDDDDDDDDDDDDDD
DDDDDDDDDDDDDDDDDDDDDDDDD
JJJJJJJJJJJJJJJJJJJJJJJJJ
NNNNNNNNNNNNNRRRRRRRRPPPP
NNNNNNNNNNNNNRRRRRRRRPPPP
NNNNNNNNNNNNNRRRRRRRRPPPP
MMMMMMMMMMMMMMMMMMMMMMMMM
FFFFFFFFFFFFFFFFFFFFFFFFF
OOOOOOOOOOOOOOOOOOOLLLLLL
CCCCCCCCCCCCCCCCCCCCCCCCC
WWWWWWWWWWWWWWWWWWWWWHHHH
WWWWWWWWWWWWWWWWWWWWWHHHH
WWWWWWWWWWWWWWWWWWWWWHHHH
SSSSSSSSSSSSSSSSSSSSSSSSS
BBBBBBBBBBBBBBBBBBBBTTTTT
EEEEEEEEEEEEEEEEEEEEEEEEE
YYYYYYYYYYYYYYYYYYAAAAAAA
IIIIIUUUUUUVVVVVVVVQQQQQQ
IIIIIUUUUUUVVVVVVVVQQQQQQ
GGGGGGGGGGGGGGGGGGGGGGGGG
XXXXXXXXXXXXXXXXXXXXXXXXX
XXXXXXXXXXXXXXXXXXXXXXXXX
XXXXXXXXXXXXXXXXXXXXXXXXX
Case #91:
CCCJH
BAKFG
DDIEE
Case #92:
AABBCCDDEEFFGGHHIIJJKKLLM
NNNOOPPQQRRSSTTUUVVWWXXYY
ZZZZZZZZZZZZZZZZZZZZZZZZZ
ZZZZZZZZZZZZZZZZZZZZZZZZZ
ZZZZZZZZZZZZZZZZZZZZZZZZZ
ZZZZZZZZZZZZZZZZZZZZZZZZZ
ZZZZZZZZZZZZZZZZZZZZZZZZZ
ZZZZZZZZZZZZZZZZZZZZZZZZZ
ZZZZZZZZZZZZZZZZZZZZZZZZZ
ZZZZZZZZZZZZZZZZZZZZZZZZZ
ZZZZZZZZZZZZZZZZZZZZZZZZZ
ZZZZZZZZZZZZZZZZZZZZZZZZZ
ZZZZZZZZZZZZZZZZZZZZZZZZZ
ZZZZZZZZZZZZZZZZZZZZZZZZZ
ZZZZZZZZZZZZZZZZZZZZZZZZZ
ZZZZZZZZZZZZZZZZZZZZZZZZZ
ZZZZZZZZZZZZZZZZZZZZZZZZZ
ZZZZZZZZZZZZZZZZZZZZZZZZZ
ZZZZZZZZZZZZZZZZZZZZZZZZZ
ZZZZZZZZZZZZZZZZZZZZZZZZZ
ZZZZZZZZZZZZZZZZZZZZZZZZZ
ZZZZZZZZZZZZZZZZZZZZZZZZZ
ZZZZZZZZZZZZZZZZZZZZZZZZZ
ZZZZZZZZZZZZZZZZZZZZZZZZZ
ZZZZZZZZZZZZZZZZZZZZZZZZZ
Case #93:
ZZZZZZZZZZZZZZZZZZZZNNXXX
ZZZZZZZZZZZZZZZZZZZZNNXXX
ZZZZZZZZZZZZZZZZZZZZNNXXX
ZZZZZZZZZZZZZZZZZZZZNNXXX
ZZZZZZZZZZZZZZZZZZZZNNXXX
ZZZZZZZZZZZZZZZZZZZZNNXXX
ZZZZZZZZZZZZZZZZZZZZNNXXX
ZZZZZZZZZZZZZZZZZZZZNNXXX
SSSSSSSSSSSSSSSSSSSSSFFFF
VVVVVVVVVVVVVVVVVVVVVVVVV
KKKKKKKKKKKKKKKKKKKKKKKKK
RRRRRRRRRRRRRRRRRRRRRRRRR
BBBBBBBBBBBBBBBBBBBBBBBBB
LLLLLLLLLLLLLQQQQQQQQQQQQ
WWWWWWWWWWWWWWWWWWWWWWWOO
DDDDDDDDDDDDDDDDDYYEEMMMT
GGGGGGGGGGGGGGGGGGGGGGGGG
IIIIIIIIIIIIIIIIIIIIHHHHC
AAAAAAAAAAAAAAAAAAAAAAAAA
UUUUUUUUUUUUUUUUUUUJJJJJJ
PPPPPPPPPPPPPPPPPPPPPPPPP
PPPPPPPPPPPPPPPPPPPPPPPPP
PPPPPPPPPPPPPPPPPPPPPPPPP
PPPPPPPPPPPPPPPPPPPPPPPPP
PPPPPPPPPPPPPPPPPPPPPPPPP
Case #94:
AAAAAAAAAAAAAAAAAACCCCCCC
AAAAAAAAAAAAAAAAAACCCCCCC
AAAAAAAAAAAAAAAAAACCCCCCC
AAAAAAAAAAAAAAAAAACCCCCCC
AAAAAAAAAAAAAAAAAACCCCCCC
AAAAAAAAAAAAAAAAAACCCCCCC
AAAAAAAAAAAAAAAAAACCCCCCC
AAAAAAAAAAAAAAAAAACCCCCCC
AAAAAAAAAAAAAAAAAACCCCCCC
AAAAAAAAAAAAAAAAAACCCCCCC
AAAAAAAAAAAAAAAAAACCCCCCC
AAAAAAAAAAAAAAAAAACCCCCCC
AAAAAAAAAAAAAAAAAACCCCCCC
AAAAAAAAAAAAAAAAAACCCCCCC
EEEEEEEEEEEEEEEEEEEEEEEEE
EEEEEEEEEEEEEEEEEEEEEEEEE
EEEEEEEEEEEEEEEEEEEEEEEEE
EEEEEEEEEEEEEEEEEEEEEEEEE
BBBBBBBBBBBBBBBBBBBDDDDDD
BBBBBBBBBBBBBBBBBBBDDDDDD
BBBBBBBBBBBBBBBBBBBDDDDDD
BBBBBBBBBBBBBBBBBBBDDDDDD
BBBBBBBBBBBBBBBBBBBDDDDDD
BBBBBBBBBBBBBBBBBBBDDDDDD
BBBBBBBBBBBBBBBBBBBDDDDDD
Case #95:
KKKRDG
JNPPPO
CLLLLI
AAABBB
HHQEEE
MMMFFF
Case #96:
BBBB
JJJE
AIDF
GGGC
HHHH
HHHH
Case #97:
AAAAAAAAACCCCCCCCCCCCCCCC
AAAAAAAAACCCCCCCCCCCCCCCC
AAAAAAAAACCCCCCCCCCCCCCCC
AAAAAAAAACCCCCCCCCCCCCCCC
AAAAAAAAACCCCCCCCCCCCCCCC
AAAAAAAAACCCCCCCCCCCCCCCC
EEEEEEEEEEEEEEEEEEEEEEEEE
EEEEEEEEEEEEEEEEEEEEEEEEE
EEEEEEEEEEEEEEEEEEEEEEEEE
EEEEEEEEEEEEEEEEEEEEEEEEE
BBBBBBBBBBDDDDDDDDDDDDDDD
BBBBBBBBBBDDDDDDDDDDDDDDD
BBBBBBBBBBDDDDDDDDDDDDDDD
FFFFFFFFFFFFFFFFFFFFFFGGG
HHHHHHHHHHHHHHHHHHHHHHHHH
IIIIIIIIIIIIIIIIIIIIIIIII
JJJJJJJJJJJJJJJJJJJJJJJJJ
JJJJJJJJJJJJJJJJJJJJJJJJJ
JJJJJJJJJJJJJJJJJJJJJJJJJ
JJJJJJJJJJJJJJJJJJJJJJJJJ
JJJJJJJJJJJJJJJJJJJJJJJJJ
JJJJJJJJJJJJJJJJJJJJJJJJJ
JJJJJJJJJJJJJJJJJJJJJJJJJ
JJJJJJJJJJJJJJJJJJJJJJJJJ
JJJJJJJJJJJJJJJJJJJJJJJJJ
Case #98:
AAAAAAAAAABBBBBBBBBBBBBBB
AAAAAAAAAABBBBBBBBBBBBBBB
AAAAAAAAAABBBBBBBBBBBBBBB
AAAAAAAAAABBBBBBBBBBBBBBB
AAAAAAAAAABBBBBBBBBBBBBBB
AAAAAAAAAABBBBBBBBBBBBBBB
AAAAAAAAAABBBBBBBBBBBBBBB
AAAAAAAAAABBBBBBBBBBBBBBB
AAAAAAAAAABBBBBBBBBBBBBBB
AAAAAAAAAABBBBBBBBBBBBBBB
CCCCCCCCCCCCCCCCCCCCCCCCC
DDDDDDDDDDDDDDDDDDDDDDDDD
EEEEEEEEEEEEEEEEEEEEEEEEE
EEEEEEEEEEEEEEEEEEEEEEEEE
EEEEEEEEEEEEEEEEEEEEEEEEE
EEEEEEEEEEEEEEEEEEEEEEEEE
EEEEEEEEEEEEEEEEEEEEEEEEE
EEEEEEEEEEEEEEEEEEEEEEEEE
EEEEEEEEEEEEEEEEEEEEEEEEE
EEEEEEEEEEEEEEEEEEEEEEEEE
EEEEEEEEEEEEEEEEEEEEEEEEE
EEEEEEEEEEEEEEEEEEEEEEEEE
EEEEEEEEEEEEEEEEEEEEEEEEE
EEEEEEEEEEEEEEEEEEEEEEEEE
EEEEEEEEEEEEEEEEEEEEEEEEE
Case #99:
EEEEEEEEEEEEEEEEEEEEEEEEE
EEEEEEEEEEEEEEEEEEEEEEEEE
EEEEEEEEEEEEEEEEEEEEEEEEE
EEEEEEEEEEEEEEEEEEEEEEEEE
EEEEEEEEEEEEEEEEEEEEEEEEE
EEEEEEEEEEEEEEEEEEEEEEEEE
EEEEEEEEEEEEEEEEEEEEEEEEE
EEEEEEEEEEEEEEEEEEEEEEEEE
EEEEEEEEEEEEEEEEEEEEEEEEE
EEEEEEEEEEEEEEEEEEEEEEEEE
EEEEEEEEEEEEEEEEEEEEEEEEE
NNFFFFFFFFFFFFFFFFFFFFFFF
GLLLLLLLLLLLLLLLLLLLLLLLL
WWWIRRRRRRRRRRRRRRRRRRRRR
CCCSOMMMMMMMMMMMMMMMMMMMM
AAAAAAYYYYYYYYYYYYYYYYYYY
HHHHHDDDDDDDDDDDDDDDDDDDD
ZQUPPPPPPPPPPPPPPPPPPPPPP
BBBJVVVVVVVVVVVVVVVVVVVVV
TTXXXXXXXXXXXXXXXXXXXXXXX
KKKKKKKKKKKKKKKKKKKKKKKKK
KKKKKKKKKKKKKKKKKKKKKKKKK
KKKKKKKKKKKKKKKKKKKKKKKKK
KKKKKKKKKKKKKKKKKKKKKKKKK
KKKKKKKKKKKKKKKKKKKKKKKKK
Case #100:
PP
BU
ZZ
RC
OO
AS
AS
HH
WD
EE
MK
MK
QL
GG
GG
TT
JX
YY
YY
VV
VV
II
II
II
FN
