2
3
4
6
8
12
13
16
24
Case #1: 624
2
4
Case #2: 92
Case #3: 107
2
Case #4: 974
2
Case #5: 862
2
4
7
8
11
14
22
Case #6: 616
3
5
9
15
19
Case #7: 855
2
Case #8: 74
3
Case #9: 537
11
Case #10: 517
2
4
Case #11: 124
Case #12: 887
2
7
14
Case #13: 686
7
13
Case #14: 637
2
4
11
22
Case #15: 484
3
5
15
Case #16: 645
2
3
4
6
9
12
18
Case #17: 324
17
Case #18: 527
3
Case #19: 597
2
7
14
Case #20: 574
2
11
17
Case #21: 374
2
4
8
13
16
Case #22: 416
5
11
Case #23: 605
2
Case #24: 802
Case #25: 433
Case #26: 383
2
Case #27: 914
2
3
6
Case #28: 222
3
9
27
Case #29: 999
Case #30: 797
2
4
7
13
14
Case #31: 364
Case #32: 317
2
Case #33: 134
Case #34: 827
2
7
13
Case #35: 13
Case #36: 967
3
5
9
15
25
Case #37: 675
13
Case #38: 923
2
4
8
Case #39: 776
2
3
4
6
8
9
12
Case #40: 216
5
Case #41: 205
2
3
4
Case #42: 24
5
Case #43: 745
Case #44: 907
3
7
17
Case #45: 357
2
4
8
16
23
Case #46: 736
2
Case #47: 2
5
Case #48: 145
2
3
6
Case #49: 402
2
4
Case #50: 44
2
Case #51: 586
2
4
8
Case #52: 344
2
4
7
14
Case #53: 196
2
3
6
11
22
Case #54: 726
2
Case #55: 446
Case #56: 13
2
Case #57: 394
2
3
6
Case #58: 282
5
Case #59: 265
Case #60: 37
3
9
Case #61: 333
3
5
15
Case #62: 465
2
3
6
9
18
Case #63: 954
2
19
23
Case #64: 874
2
3
6
Case #65: 426
3
9
Case #66: 477
2
Case #67: 542
2
3
6
Case #68: 174
2
Case #69: 694
17
Case #70: 493
13
Case #71: 247
3
5
9
15
17
Case #72: 765
19
Case #73: 817
2
Case #74: 982
2
3
4
6
12
Case #75: 12
2
Case #76: 2
2
3
6
Case #77: 942
3
9
27
Case #78: 837
Case #79: 257
3
5
15
Case #80: 555
Case #81: 503
2
17
23
Case #82: 782
5
Case #83: 115
Case #84: 307
3
Case #85: 933
Case #86: 233
2
3
6
9
18
Case #87: 846
2
4
Case #88: 716
2
Case #89: 566
2
4
8
16
Case #90: 656
2
4
8
Case #91: 664
3
Case #92: 453
2
3
6
9
Case #93: 162
2
3
6
9
13
18
26
Case #94: 26
Case #95: 293
5
11
Case #96: 275
3
13
23
Case #97: 897
2
3
6
Case #98: 54
5
Case #99: 755
2
Case #100: 82
