Case #1: 1.0000000 6.0000000
Case #2: 0.0000000 1.0000000
Case #3: 3.3634060 1.0000000
Case #4: 0.3535534 7.1333333
Case #5: 1800.0000000 0.0000000
Case #6: 1635.1918848 0.0000000
Case #7: 837.8170922 0.0000000
Case #8: 1539.6248123 0.0000000
Case #9: 1073.1396766 0.0000000
Case #10: 850.9067549 0.0000000
Case #11: 0.0000000 0.0000000
Case #12: 0.0000000 0.0000000
Case #13: 0.0000000 0.0000000
Case #14: 0.0000000 0.0000000
Case #15: 0.0000000 0.0000000
Case #16: 0.0000000 0.0000000
Case #17: 0.0000000 0.6000000
Case #18: 0.0000000 0.8500000
Case #19: 0.0000000 1.5384615
Case #20: 0.0000000 0.8461538
Case #21: 0.0000000 0.5000000
Case #22: 0.0000000 0.4444444
Case #23: 0.0000000 5.3333333
Case #24: 0.0000000 18.0000000
Case #25: 0.0000000 1.7000000
Case #26: 0.0000000 0.6666667
Case #27: 0.0000000 0.8333333
Case #28: 0.0000000 1.0000000
Case #29: 0.0000000 0.3333333
Case #30: 77.7302409 12.3159349
Case #31: 16.0424266 10.1786099
Case #32: 8.3946466 3.2564121
Case #33: 3.4950711 1.9003517
Case #34: 23.9499261 5.0454666
Case #35: 26.9140011 2.9331432
Case #36: 52.0936771 3.2151898
Case #37: 50.5695020 5.0504230
Case #38: 29.5489913 1.2533453
Case #39: 28.0270819 3.8149308
Case #40: 51.9575648 5.4439736
Case #41: 12.2375212 1.8217290
Case #42: 107.2658168 17.5061392
Case #43: 128.3603868 0.0000000
Case #44: 185.2462145 0.0000000
Case #45: 128.0854207 0.0000000
Case #46: 106.1576187 0.0000000
Case #47: 350.1793291 0.0000000
Case #48: 199.1177541 0.0000000
Case #49: 128.9767421 0.0000000
Case #50: 222.0842323 0.0000000
Case #51: 135.6593275 0.0000000
Case #52: 230.5948151 0.0000000
Case #53: 1.6035675 0.0000000
Case #54: 1.0300211 0.6792453
Case #55: 1.7840168 0.4500000
Case #56: 4.4511235 0.0000000
Case #57: 7.6811457 0.0000000
Case #58: 8.4372685 0.0000000
Case #59: 6.5429351 0.0000000
Case #60: 5.2375661 0.0000000
Case #61: 6.2032250 0.0000000
Case #62: 10.6150159 0.3739018
Case #63: 4.3508620 0.0000000
Case #64: 4.6467017 0.0000000
Case #65: 8.5147333 1.3549932
Case #66: 14.2921414 0.0000000
Case #67: 2.4811792 0.0000000
Case #68: 19.0686579 0.7337405
Case #69: 10.4491642 0.5977847
Case #70: 17.9239430 0.0073024
Case #71: 22.5610283 0.0000000
Case #72: 7.7496490 0.0007390
Case #73: 7.4046652 0.0002575
Case #74: 5.1555795 0.0000000
Case #75: 13.1865543 0.0069488
Case #76: 7.9258923 0.0130397
Case #77: 243.7997706 0.0000000
Case #78: 1202.7654939 0.0000000
Case #79: 1152.7143010 19.7137883
Case #80: 2044.8033116 0.0000000
Case #81: 2221.6524102 46.7565982
Case #82: 649.5718238 0.1025780
Case #83: 1245.7657785 0.0000000
Case #84: 33.5767777 0.0000000
Case #85: 67.0124899 0.0014818
Case #86: 332.2108705 0.0000000
Case #87: 734.4654237 0.4565988
Case #88: 59.6074335 0.0072659
Case #89: 1694.0905744 3.1749156
Case #90: 387.1192665 0.0000000
Case #91: 896.7275768 0.0000000
Case #92: 523.0102174 0.0000000
Case #93: 196.3798839 0.0133591
Case #94: 1143.3732166 0.0000000
Case #95: 998.3125145 0.0000000
Case #96: 2361.2583256 0.0000000
Case #97: 698.2880300 0.0000000
Case #98: 1373.9291992 0.0000000
Case #99: 137.7705293 0.0000000
Case #100: 1799.7481204 0.0000000
