Case #1: BA BA 
Case #2: A C B A C BA 
Case #3: C C BA 
Case #4: B B A C BA 
Case #5: B C B A C BA 
Case #6: B A B A B A C BA 
Case #7: C B A C BA 
Case #8: B A B A C BA 
Case #9: C C C B A C BA 
Case #10: A C A C A C BA 
Case #11: C C A C B A C BA 
Case #12: A A C B A C BA 
Case #13: C C A C BA 
Case #14: B B A B A C BA 
Case #15: B B A C B A C BA 
Case #16: B C B C B A C BA 
Case #17: BA 
Case #18: A C BA 
Case #19: BA BA BA 
Case #20: C B A C B A C BA 
Case #21: B A C B A C BA 
Case #22: A C A C B A C BA 
Case #23: C C B A C BA 
Case #24: C C B C B A C BA 
Case #25: B C B C BA 
Case #26: B A C BA 
Case #27: A C A C BA 
Case #28: C C B C B C BA 
Case #29: A B A C BA 
Case #30: C A C A C BA 
Case #31: C BA 
Case #32: C A C BA 
Case #33: C B C B A C BA 
Case #34: C B C BA 
Case #35: C C B C BA 
Case #36: C A C A C A C BA 
Case #37: C B C B C BA 
Case #38: A B A C B A C BA 
Case #39: BA BA BA BA 
Case #40: C B C B C B C BA 
Case #41: C A C B A C BA 
Case #42: B B C B A C BA 
Case #43: A B A B A C BA 
Case #44: B C B C B C BA 
Case #45: C C A C A C BA 
Case #46: B C BA 
