Case #1: 1 
Case #2: 2 1 
Case #3: 1 2 3 
Case #4: 1 4 3 2 5 
Case #5: 1 4 3 2 5 
Case #6: -87 -87 -85 -83 -71 -71 98 96 -67 -63 -59 -53 -47 -41 96 -41 82 -37 -29 82 -25 -25 80 -21 -13 -11 5 76 72 72 66 66 66 9 60 15 31 35 56 52 52 46 42 39 45 42 40 36 45 30 24 18 51 18 12 53 0 63 -6 65 -10 -12 67 69 79 85 85 -14 89 -16 -22 89 -24 91 -24 -26 -30 -38 -38 -38 -42 -44 -58 -58 -60 -62 -66 -68 -70 -70 -82 -82 -86 -86 -86 -94 -100 
Case #7: -95 98 -81 -55 90 -29 -19 35 37 75 79 85 93 97 56 54 14 14 0 -14 -22 -34 -38 -46 -62 -90 -98 
Case #8: -89 -75 -73 -65 86 86 68 66 -41 -37 -25 56 5 21 25 52 36 26 14 27 29 35 45 6 51 63 87 93 -22 95 -26 -48 -54 -70 95 -86 -92 -96 
Case #9: 76 -7 
Case #10: -93 96 -91 86 -87 -87 -67 -53 68 30 -33 0 -33 -13 1 0 3 -10 3 -10 -16 19 23 45 51 -18 53 -30 -36 -72 79 -82 -96 83 91 
Case #11: -87 100 96 -81 86 -79 -79 -77 -73 -69 -69 -65 82 -59 -59 70 70 -57 -49 -47 70 -43 -41 54 -35 -31 -31 -29 -25 -17 -13 -5 50 -5 -3 7 21 25 46 27 27 44 31 33 35 37 44 49 42 38 49 51 34 69 34 75 83 20 85 87 91 91 14 12 10 6 0 0 0 -8 -8 -20 -24 -26 -34 -36 -40 -52 -56 -60 -66 -68 -68 -72 -72 -80 -84 -84 -90 -90 
Case #12: -87 100 -81 -75 96 86 -71 -71 86 -33 -27 -25 82 -21 76 -11 68 5 7 9 13 68 15 25 41 41 51 61 56 61 56 67 54 67 48 83 89 91 99 34 30 28 16 16 10 10 4 0 0 0 0 -24 -26 -26 -34 -48 -50 -62 -66 -92 -100 
Case #13: -93 -89 -87 88 -85 -75 -65 -63 -61 -59 -49 84 -39 -37 80 80 -37 -25 -11 -7 78 -5 78 72 3 5 9 58 11 50 46 23 29 29 31 35 44 37 49 67 71 44 40 30 71 30 28 24 75 75 79 83 18 97 99 6 6 2 0 -4 -8 -10 -16 -18 -30 -32 -34 -36 -38 -46 -46 -48 -48 -52 -54 -56 -66 -68 -88 -90 -100 -100 -100 
Case #14: 90 -89 90 74 -87 62 -83 -79 58 -77 -75 -75 -63 52 52 -59 46 42 -49 -39 -31 36 12 -25 6 -13 -11 5 9 17 23 29 39 -2 -8 -10 47 63 -28 -54 -70 -74 -78 63 65 83 -82 -84 91 97 97 
Case #15: -97 88 -93 74 70 46 38 36 -91 -85 -83 -77 -67 -63 -55 34 -45 32 -37 16 0 0 -23 -21 -2 -4 5 13 27 -10 -32 -38 -38 -50 39 -56 45 49 -56 77 -56 87 95 97 -62 -62 -68 -68 -72 -80 -94 
Case #16: -97 -93 -93 -91 98 86 84 -87 -83 -71 -53 -39 84 -35 -27 -17 82 80 -15 -15 66 60 -13 -13 1 3 58 58 5 50 7 9 9 13 15 19 25 29 46 34 29 29 28 37 39 45 51 22 51 18 16 51 53 59 16 59 65 69 69 75 4 75 0 75 79 81 -8 83 -8 85 87 -10 97 -12 -16 -22 -26 97 99 -32 -32 -32 -34 -44 -46 -46 -60 -70 -70 -72 -74 -74 -84 -84 -84 -86 -92 -92 -98 -98 
Case #17: 98 92 92 -93 -89 -89 -89 -77 -61 90 -59 -59 -57 -57 -57 78 74 64 -49 -47 -41 -41 52 -39 50 -29 -25 44 44 -21 -7 3 5 7 7 9 11 11 15 29 33 45 51 44 55 55 42 57 61 65 42 91 91 38 95 38 38 97 34 30 97 28 28 28 20 18 12 10 6 2 2 0 0 -2 -6 -6 -10 -12 -18 -22 -24 -34 -36 -36 -38 -42 -44 -44 -44 -50 -52 -54 -70 -72 -84 -90 -92 -96 -98 -98 
Case #18: 98 96 -97 94 92 -97 -95 90 -93 -89 -89 -85 -85 88 -71 -69 88 -65 78 -55 74 -47 -45 -41 -37 -33 -27 74 -19 -19 66 -5 -1 1 1 5 11 17 19 21 25 27 27 52 48 37 41 43 47 48 48 46 49 53 42 40 53 40 61 67 67 71 71 73 40 36 36 34 75 26 77 77 81 93 95 20 16 10 0 -2 -8 -8 -10 -10 -22 -26 -28 -42 -44 -44 -50 -52 -52 -52 -54 -58 -62 -64 -70 -74 
Case #19: -27 
Case #20: -95 -77 -77 96 -57 -43 -35 94 -35 -19 -15 -11 -11 -9 88 88 82 1 23 72 23 43 45 58 56 53 53 48 55 42 38 75 36 22 83 10 4 0 95 0 -2 -4 -10 -12 -16 -18 -30 -30 -32 -34 -40 -44 -48 -62 -70 -74 -80 -84 -92 -92 -98 -100 
Case #21: -87 -79 -79 100 90 -75 -71 -51 -23 74 -9 5 27 41 63 66 66 69 77 32 91 14 0 -24 -40 -48 -56 -58 -80 
Case #22: -51 100 92 90 90 86 -45 -45 84 76 -39 -33 -33 -31 -15 -13 64 5 7 17 60 35 58 58 54 54 51 54 55 42 83 85 89 89 91 99 38 34 34 32 20 0 0 -20 -30 -34 -40 -46 -50 -58 -60 -68 -84 -90 -90 -92 -100 
Case #23: -99 -95 96 -93 96 -81 -79 92 -79 -77 -75 -73 92 -55 -55 88 -45 -45 -41 -41 86 -41 -41 -35 -33 -31 82 -29 -25 -23 -19 80 -9 1 17 19 25 31 45 49 80 78 51 51 55 70 59 61 65 62 62 71 73 73 75 83 83 99 60 56 38 36 30 20 10 4 0 0 -6 -14 -16 -34 -52 -56 -58 -66 -66 -72 -74 -82 -88 -90 -92 
Case #24: -97 -97 -93 100 -87 94 90 -79 -77 90 88 82 74 -75 -71 -57 74 68 -55 66 -51 -37 -35 64 -21 48 48 -15 -5 1 1 44 11 42 11 38 19 23 32 25 33 33 37 24 24 45 24 14 12 4 49 51 55 4 55 0 -10 55 65 73 -12 75 75 -30 85 -32 93 -34 -44 -44 -48 -54 -56 -56 -58 -60 -60 -60 -68 -68 -72 -72 -78 -78 -80 -82 -86 -100 -100 
Case #25: -85 -77 -67 90 -63 -55 -47 64 -41 36 30 24 18 12 4 -33 -25 -15 0 1 1 11 0 17 -8 21 -10 -40 -50 29 -56 55 -60 65 -60 -66 79 83 -66 83 85 -68 87 -96 97 -100 
Case #26: -97 -87 -75 -73 80 -61 -57 -53 -37 -33 -19 -11 -9 -1 13 13 66 15 43 62 49 57 65 62 58 40 73 77 85 30 22 8 -20 -40 -42 -44 -46 -58 -60 -84 -100 
Case #27: 96 82 -87 80 -81 80 -79 -69 -57 -57 72 58 -49 50 50 -49 -39 -3 13 33 37 38 30 47 30 26 0 -24 47 -32 -34 51 55 57 65 65 -34 67 73 77 -38 81 -52 85 87 -54 91 -54 -58 -64 -68 -70 -84 -90 -96 -98 
Case #28: -83 -49 -29 -11 -7 7 7 9 15 33 100 45 45 76 58 30 53 57 16 4 -50 -58 87 99 -58 -66 -82 -86 -90 -98 
Case #29: -91 96 -87 92 -81 78 -67 -63 -55 -35 -29 -27 -25 -13 -11 74 -11 60 -7 11 31 37 41 58 41 47 47 59 46 34 32 77 24 20 10 4 0 0 0 -22 -22 -32 -32 -34 -38 -42 -50 -56 -68 -72 -80 
Case #30: -99 -95 -95 -95 -89 88 -89 -65 -61 72 66 52 -59 42 -43 -43 -35 -19 -19 -7 -5 17 21 27 38 33 35 35 35 36 32 2 35 47 53 -2 61 69 71 79 89 -8 95 -10 95 -10 95 -10 -18 -44 -50 -50 -54 -54 -64 -72 -82 -88 -92 -98 
